<?xml version="1.0" encoding="UTF-8"?>
<coverage generated="1623270499488" clover="3.2.0">
  <project timestamp="1623270499489" name="All files">
    <metrics statements="206" coveredstatements="158" conditionals="75" coveredconditionals="43" methods="31" coveredmethods="20" elements="312" coveredelements="221" complexity="0" loc="206" ncloc="206" packages="3" files="5" classes="5"/>
    <package name="server">
      <metrics statements="18" coveredstatements="18" conditionals="0" coveredconditionals="0" methods="0" coveredmethods="0"/>
      <file name="index.js" path="C:\Users\jonle\Git\allez\server\index.js">
        <metrics statements="18" coveredstatements="18" conditionals="0" coveredconditionals="0" methods="0" coveredmethods="0"/>
        <line num="2" count="2" type="stmt"/>
        <line num="3" count="2" type="stmt"/>
        <line num="6" count="2" type="stmt"/>
        <line num="9" count="2" type="stmt"/>
        <line num="12" count="2" type="stmt"/>
        <line num="13" count="2" type="stmt"/>
        <line num="15" count="2" type="stmt"/>
        <line num="40" count="2" type="stmt"/>
        <line num="42" count="2" type="stmt"/>
        <line num="43" count="2" type="stmt"/>
        <line num="53" count="2" type="stmt"/>
        <line num="54" count="2" type="stmt"/>
        <line num="57" count="2" type="stmt"/>
        <line num="62" count="2" type="stmt"/>
        <line num="64" count="2" type="stmt"/>
        <line num="65" count="2" type="stmt"/>
        <line num="66" count="2" type="stmt"/>
        <line num="75" count="2" type="stmt"/>
      </file>
    </package>
    <package name="server.models">
      <metrics statements="9" coveredstatements="9" conditionals="0" coveredconditionals="0" methods="0" coveredmethods="0"/>
      <file name="Images.js" path="C:\Users\jonle\Git\allez\server\models\Images.js">
        <metrics statements="5" coveredstatements="5" conditionals="0" coveredconditionals="0" methods="0" coveredmethods="0"/>
        <line num="1" count="2" type="stmt"/>
        <line num="2" count="2" type="stmt"/>
        <line num="4" count="2" type="stmt"/>
        <line num="23" count="2" type="stmt"/>
        <line num="25" count="2" type="stmt"/>
      </file>
      <file name="User.js" path="C:\Users\jonle\Git\allez\server\models\User.js">
        <metrics statements="4" coveredstatements="4" conditionals="0" coveredconditionals="0" methods="0" coveredmethods="0"/>
        <line num="1" count="2" type="stmt"/>
        <line num="7" count="2" type="stmt"/>
        <line num="54" count="2" type="stmt"/>
        <line num="55" count="2" type="stmt"/>
      </file>
    </package>
    <package name="server.routes.api">
      <metrics statements="179" coveredstatements="131" conditionals="75" coveredconditionals="43" methods="31" coveredmethods="20"/>
      <file name="Image.js" path="C:\Users\jonle\Git\allez\server\routes\api\Image.js">
        <metrics statements="33" coveredstatements="13" conditionals="12" coveredconditionals="0" methods="11" coveredmethods="4"/>
        <line num="1" count="2" type="stmt"/>
        <line num="2" count="2" type="stmt"/>
        <line num="3" count="2" type="stmt"/>
        <line num="4" count="2" type="stmt"/>
        <line num="10" count="2" type="stmt"/>
        <line num="11" count="2" type="stmt"/>
        <line num="14" count="2" type="stmt"/>
        <line num="37" count="2" type="stmt"/>
        <line num="38" count="1" type="stmt"/>
        <line num="39" count="0" type="cond" truecount="0" falsecount="2"/>
        <line num="40" count="0" type="stmt"/>
        <line num="42" count="0" type="cond" truecount="0" falsecount="4"/>
        <line num="43" count="0" type="stmt"/>
        <line num="48" count="0" type="cond" truecount="0" falsecount="2"/>
        <line num="49" count="0" type="stmt"/>
        <line num="51" count="0" type="stmt"/>
        <line num="65" count="1" type="stmt"/>
        <line num="66" count="1" type="stmt"/>
        <line num="68" count="0" type="cond" truecount="0" falsecount="2"/>
        <line num="70" count="0" type="stmt"/>
        <line num="73" count="0" type="cond" truecount="0" falsecount="2"/>
        <line num="74" count="0" type="stmt"/>
        <line num="80" count="0" type="stmt"/>
        <line num="82" count="0" type="stmt"/>
        <line num="83" count="0" type="stmt"/>
        <line num="86" count="0" type="stmt"/>
        <line num="89" count="0" type="stmt"/>
        <line num="92" count="0" type="stmt"/>
        <line num="95" count="0" type="stmt"/>
        <line num="98" count="0" type="stmt"/>
        <line num="103" count="1" type="stmt"/>
        <line num="105" count="0" type="stmt"/>
        <line num="108" count="2" type="stmt"/>
      </file>
      <file name="Users.js" path="C:\Users\jonle\Git\allez\server\routes\api\Users.js">
        <metrics statements="146" coveredstatements="118" conditionals="63" coveredconditionals="43" methods="20" coveredmethods="16"/>
        <line num="1" count="2" type="stmt"/>
        <line num="2" count="2" type="stmt"/>
        <line num="3" count="2" type="stmt"/>
        <line num="4" count="2" type="stmt"/>
        <line num="5" count="2" type="stmt"/>
        <line num="8" count="2" type="stmt"/>
        <line num="11" count="2" type="stmt"/>
        <line num="14" count="2" type="stmt"/>
        <line num="29" count="2" type="stmt"/>
        <line num="30" count="2" type="stmt"/>
        <line num="32" count="2" type="stmt"/>
        <line num="44" count="13" type="stmt"/>
        <line num="52" count="13" type="stmt"/>
        <line num="53" count="13" type="stmt"/>
        <line num="54" count="13" type="cond" truecount="1" falsecount="1"/>
        <line num="55" count="0" type="stmt"/>
        <line num="57" count="13" type="stmt"/>
        <line num="59" count="13" type="stmt"/>
        <line num="62" count="12" type="stmt"/>
        <line num="79" count="12" type="stmt"/>
        <line num="83" count="1" type="cond" truecount="1" falsecount="1"/>
        <line num="84" count="0" type="cond" truecount="0" falsecount="2"/>
        <line num="85" count="0" type="stmt"/>
        <line num="88" count="0" type="cond" truecount="0" falsecount="2"/>
        <line num="89" count="0" type="stmt"/>
        <line num="93" count="0" type="stmt"/>
        <line num="95" count="1" type="stmt"/>
        <line num="117" count="9" type="stmt"/>
        <line num="118" count="9" type="stmt"/>
        <line num="119" count="9" type="cond" truecount="5" falsecount="0"/>
        <line num="120" count="1" type="stmt"/>
        <line num="126" count="8" type="cond" truecount="2" falsecount="0"/>
        <line num="127" count="1" type="stmt"/>
        <line num="129" count="7" type="stmt"/>
        <line num="131" count="8" type="cond" truecount="2" falsecount="0"/>
        <line num="132" count="1" type="stmt"/>
        <line num="133" count="7" type="cond" truecount="2" falsecount="0"/>
        <line num="134" count="1" type="stmt"/>
        <line num="137" count="6" type="stmt"/>
        <line num="138" count="6" type="cond" truecount="2" falsecount="0"/>
        <line num="139" count="1" type="stmt"/>
        <line num="142" count="5" type="stmt"/>
        <line num="145" count="5" type="stmt"/>
        <line num="155" count="0" type="stmt"/>
        <line num="172" count="3" type="stmt"/>
        <line num="173" count="3" type="cond" truecount="2" falsecount="0"/>
        <line num="174" count="1" type="stmt"/>
        <line num="177" count="2" type="stmt"/>
        <line num="178" count="2" type="stmt"/>
        <line num="179" count="1" type="stmt"/>
        <line num="181" count="1" type="stmt"/>
        <line num="182" count="1" type="stmt"/>
        <line num="192" count="1" type="cond" truecount="1" falsecount="1"/>
        <line num="193" count="1" type="stmt"/>
        <line num="196" count="0" type="stmt"/>
        <line num="210" count="4" type="stmt"/>
        <line num="212" count="4" type="cond" truecount="2" falsecount="0"/>
        <line num="213" count="1" type="stmt"/>
        <line num="215" count="3" type="stmt"/>
        <line num="217" count="3" type="stmt"/>
        <line num="218" count="3" type="cond" truecount="2" falsecount="0"/>
        <line num="219" count="1" type="stmt"/>
        <line num="221" count="2" type="stmt"/>
        <line num="223" count="2" type="stmt"/>
        <line num="240" count="2" type="stmt"/>
        <line num="243" count="0" type="stmt"/>
        <line num="259" count="3" type="stmt"/>
        <line num="260" count="3" type="cond" truecount="2" falsecount="0"/>
        <line num="261" count="1" type="stmt"/>
        <line num="263" count="2" type="stmt"/>
        <line num="264" count="2" type="stmt"/>
        <line num="266" count="2" type="stmt"/>
        <line num="268" count="1" type="stmt"/>
        <line num="269" count="1" type="stmt"/>
        <line num="270" count="1" type="stmt"/>
        <line num="271" count="1" type="cond" truecount="1" falsecount="1"/>
        <line num="272" count="0" type="stmt"/>
        <line num="275" count="1" type="stmt"/>
        <line num="276" count="1" type="stmt"/>
        <line num="277" count="1" type="cond" truecount="1" falsecount="1"/>
        <line num="278" count="0" type="stmt"/>
        <line num="280" count="1" type="stmt"/>
        <line num="288" count="1" type="stmt"/>
        <line num="293" count="0" type="stmt"/>
        <line num="302" count="1" type="cond" truecount="1" falsecount="1"/>
        <line num="303" count="0" type="stmt"/>
        <line num="306" count="1" type="stmt"/>
        <line num="320" count="8" type="cond" truecount="1" falsecount="1"/>
        <line num="321" count="0" type="stmt"/>
        <line num="323" count="8" type="cond" truecount="2" falsecount="0"/>
        <line num="324" count="1" type="stmt"/>
        <line num="326" count="7" type="stmt"/>
        <line num="327" count="7" type="stmt"/>
        <line num="328" count="6" type="stmt"/>
        <line num="329" count="6" type="stmt"/>
        <line num="330" count="6" type="cond" truecount="2" falsecount="0"/>
        <line num="331" count="1" type="stmt"/>
        <line num="333" count="5" type="stmt"/>
        <line num="338" count="5" type="stmt"/>
        <line num="342" count="1" type="cond" truecount="1" falsecount="1"/>
        <line num="343" count="1" type="stmt"/>
        <line num="347" count="0" type="stmt"/>
        <line num="362" count="2" type="stmt"/>
        <line num="363" count="2" type="stmt"/>
        <line num="364" count="1" type="stmt"/>
        <line num="366" count="1" type="cond" truecount="1" falsecount="1"/>
        <line num="367" count="1" type="stmt"/>
        <line num="370" count="0" type="cond" truecount="0" falsecount="2"/>
        <line num="371" count="0" type="stmt"/>
        <line num="375" count="0" type="stmt"/>
        <line num="380" count="1" type="stmt"/>
        <line num="381" count="1" type="stmt"/>
        <line num="382" count="1" type="cond" truecount="1" falsecount="1"/>
        <line num="383" count="0" type="stmt"/>
        <line num="387" count="1" type="cond" truecount="1" falsecount="1"/>
        <line num="388" count="0" type="stmt"/>
        <line num="389" count="0" type="stmt"/>
        <line num="390" count="0" type="stmt"/>
        <line num="396" count="0" type="stmt"/>
        <line num="397" count="0" type="stmt"/>
        <line num="398" count="0" type="stmt"/>
        <line num="401" count="0" type="stmt"/>
        <line num="405" count="1" type="cond" truecount="1" falsecount="1"/>
        <line num="406" count="1" type="cond" truecount="1" falsecount="1"/>
        <line num="407" count="1" type="cond" truecount="1" falsecount="1"/>
        <line num="409" count="1" type="stmt"/>
        <line num="412" count="1" type="stmt"/>
        <line num="424" count="0" type="stmt"/>
        <line num="427" count="0" type="stmt"/>
        <line num="432" count="3" type="cond" truecount="2" falsecount="0"/>
        <line num="433" count="1" type="stmt"/>
        <line num="435" count="2" type="stmt"/>
        <line num="436" count="2" type="stmt"/>
        <line num="437" count="2" type="cond" truecount="2" falsecount="0"/>
        <line num="438" count="1" type="stmt"/>
        <line num="440" count="1" type="stmt"/>
        <line num="451" count="2" type="stmt"/>
        <line num="454" count="2" type="stmt"/>
        <line num="457" count="2" type="stmt"/>
        <line num="460" count="2" type="stmt"/>
        <line num="463" count="2" type="stmt"/>
        <line num="466" count="2" type="stmt"/>
        <line num="469" count="2" type="stmt"/>
        <line num="474" count="2" type="stmt"/>
        <line num="476" count="2" type="stmt"/>
        <line num="478" count="2" type="stmt"/>
      </file>
    </package>
  </project>
</coverage>
