{"C:\\Users\\jonle\\Git\\allez\\server\\gridfs.js": {"path":"C:\\Users\\jonle\\Git\\allez\\server\\gridfs.js","statementMap":{"0":{"start":{"line":2,"column":23},"end":{"line":2,"column":49}},"1":{"start":{"line":3,"column":15},"end":{"line":3,"column":32}},"2":{"start":{"line":4,"column":22},"end":{"line":4,"column":54}},"3":{"start":{"line":5,"column":15},"end":{"line":5,"column":32}},"4":{"start":{"line":6,"column":13},"end":{"line":6,"column":28}},"5":{"start":{"line":7,"column":17},"end":{"line":7,"column":36}},"6":{"start":{"line":8,"column":0},"end":{"line":12,"column":3}},"7":{"start":{"line":13,"column":22},"end":{"line":30,"column":2}},"8":{"start":{"line":16,"column":4},"end":{"line":28,"column":7}},"9":{"start":{"line":17,"column":6},"end":{"line":27,"column":9}},"10":{"start":{"line":18,"column":8},"end":{"line":20,"column":9}},"11":{"start":{"line":19,"column":10},"end":{"line":19,"column":29}},"12":{"start":{"line":21,"column":25},"end":{"line":21,"column":79}},"13":{"start":{"line":22,"column":25},"end":{"line":25,"column":9}},"14":{"start":{"line":26,"column":8},"end":{"line":26,"column":26}},"15":{"start":{"line":32,"column":21},"end":{"line":32,"column":55}},"16":{"start":{"line":33,"column":0},"end":{"line":33,"column":30}}},"fnMap":{"0":{"name":"(anonymous_0)","decl":{"start":{"line":15,"column":8},"end":{"line":15,"column":9}},"loc":{"start":{"line":15,"column":23},"end":{"line":29,"column":3}},"line":15},"1":{"name":"(anonymous_1)","decl":{"start":{"line":16,"column":23},"end":{"line":16,"column":24}},"loc":{"start":{"line":16,"column":44},"end":{"line":28,"column":5}},"line":16},"2":{"name":"(anonymous_2)","decl":{"start":{"line":17,"column":29},"end":{"line":17,"column":30}},"loc":{"start":{"line":17,"column":44},"end":{"line":27,"column":7}},"line":17}},"branchMap":{"0":{"loc":{"start":{"line":18,"column":8},"end":{"line":20,"column":9}},"type":"if","locations":[{"start":{"line":18,"column":8},"end":{"line":20,"column":9}},{"start":{"line":18,"column":8},"end":{"line":20,"column":9}}],"line":18}},"s":{"0":2,"1":2,"2":2,"3":2,"4":2,"5":2,"6":2,"7":2,"8":0,"9":0,"10":0,"11":0,"12":0,"13":0,"14":0,"15":2,"16":2},"f":{"0":0,"1":0,"2":0},"b":{"0":[0,0]},"_coverageSchema":"1a1c01bbd47fc00a2c39e90264f33305004495a9","hash":"dbcdb10d38974d052c18cd85f11b12247086b462"}
,"C:\\Users\\jonle\\Git\\allez\\server\\index.js": {"path":"C:\\Users\\jonle\\Git\\allez\\server\\index.js","statementMap":{"0":{"start":{"line":2,"column":16},"end":{"line":2,"column":34}},"1":{"start":{"line":3,"column":12},"end":{"line":3,"column":21}},"2":{"start":{"line":6,"column":17},"end":{"line":6,"column":36}},"3":{"start":{"line":9,"column":13},"end":{"line":9,"column":28}},"4":{"start":{"line":12,"column":0},"end":{"line":12,"column":40}},"5":{"start":{"line":13,"column":0},"end":{"line":13,"column":42}},"6":{"start":{"line":15,"column":16},"end":{"line":38,"column":1}},"7":{"start":{"line":40,"column":0},"end":{"line":40,"column":27}},"8":{"start":{"line":42,"column":0},"end":{"line":42,"column":24}},"9":{"start":{"line":43,"column":0},"end":{"line":50,"column":2}},"10":{"start":{"line":53,"column":14},"end":{"line":53,"column":43}},"11":{"start":{"line":54,"column":19},"end":{"line":54,"column":36}},"12":{"start":{"line":57,"column":15},"end":{"line":57,"column":44}},"13":{"start":{"line":62,"column":0},"end":{"line":62,"column":29}},"14":{"start":{"line":64,"column":15},"end":{"line":64,"column":34}},"15":{"start":{"line":65,"column":0},"end":{"line":65,"column":38}},"16":{"start":{"line":66,"column":0},"end":{"line":73,"column":2}},"17":{"start":{"line":75,"column":0},"end":{"line":75,"column":21}}},"fnMap":{},"branchMap":{},"s":{"0":2,"1":2,"2":2,"3":2,"4":2,"5":2,"6":2,"7":2,"8":2,"9":2,"10":2,"11":2,"12":2,"13":2,"14":2,"15":2,"16":2,"17":2},"f":{},"b":{},"_coverageSchema":"1a1c01bbd47fc00a2c39e90264f33305004495a9","hash":"6c1b607ba0eda2520cad5565193a5769c1ef92ae"}
,"C:\\Users\\jonle\\Git\\allez\\server\\models\\Images.js": {"path":"C:\\Users\\jonle\\Git\\allez\\server\\models\\Images.js","statementMap":{"0":{"start":{"line":1,"column":17},"end":{"line":1,"column":36}},"1":{"start":{"line":2,"column":15},"end":{"line":2,"column":30}},"2":{"start":{"line":4,"column":20},"end":{"line":21,"column":2}},"3":{"start":{"line":23,"column":14},"end":{"line":23,"column":50}},"4":{"start":{"line":25,"column":0},"end":{"line":25,"column":23}}},"fnMap":{},"branchMap":{},"s":{"0":2,"1":2,"2":2,"3":2,"4":2},"f":{},"b":{},"_coverageSchema":"1a1c01bbd47fc00a2c39e90264f33305004495a9","hash":"99c54be2434a6c1ae251d31a62857f8e41c6234b"}
,"C:\\Users\\jonle\\Git\\allez\\server\\models\\User.js": {"path":"C:\\Users\\jonle\\Git\\allez\\server\\models\\User.js","statementMap":{"0":{"start":{"line":1,"column":17},"end":{"line":1,"column":36}},"1":{"start":{"line":7,"column":19},"end":{"line":52,"column":2}},"2":{"start":{"line":54,"column":13},"end":{"line":54,"column":51}},"3":{"start":{"line":55,"column":0},"end":{"line":55,"column":22}}},"fnMap":{},"branchMap":{},"s":{"0":2,"1":2,"2":2,"3":2},"f":{},"b":{},"_coverageSchema":"1a1c01bbd47fc00a2c39e90264f33305004495a9","hash":"da30d9f7584ec70adbb7107919148b423178f532"}
,"C:\\Users\\jonle\\Git\\allez\\server\\routes\\api\\Image.js": {"path":"C:\\Users\\jonle\\Git\\allez\\server\\routes\\api\\Image.js","statementMap":{"0":{"start":{"line":1,"column":16},"end":{"line":1,"column":34}},"1":{"start":{"line":2,"column":20},"end":{"line":2,"column":36}},"2":{"start":{"line":3,"column":17},"end":{"line":3,"column":36}},"3":{"start":{"line":4,"column":14},"end":{"line":4,"column":44}},"4":{"start":{"line":10,"column":0},"end":{"line":17,"column":3}},"5":{"start":{"line":11,"column":2},"end":{"line":13,"column":5}},"6":{"start":{"line":14,"column":2},"end":{"line":16,"column":5}},"7":{"start":{"line":37,"column":0},"end":{"line":56,"column":3}},"8":{"start":{"line":38,"column":2},"end":{"line":55,"column":5}},"9":{"start":{"line":39,"column":4},"end":{"line":41,"column":5}},"10":{"start":{"line":40,"column":6},"end":{"line":40,"column":39}},"11":{"start":{"line":42,"column":4},"end":{"line":47,"column":5}},"12":{"start":{"line":43,"column":6},"end":{"line":46,"column":9}},"13":{"start":{"line":48,"column":4},"end":{"line":54,"column":5}},"14":{"start":{"line":49,"column":6},"end":{"line":49,"column":79}},"15":{"start":{"line":51,"column":6},"end":{"line":53,"column":9}},"16":{"start":{"line":65,"column":17},"end":{"line":65,"column":19}},"17":{"start":{"line":66,"column":2},"end":{"line":104,"column":7}},"18":{"start":{"line":68,"column":6},"end":{"line":100,"column":7}},"19":{"start":{"line":70,"column":8},"end":{"line":77,"column":10}},"20":{"start":{"line":73,"column":12},"end":{"line":75,"column":13}},"21":{"start":{"line":74,"column":14},"end":{"line":74,"column":35}},"22":{"start":{"line":80,"column":8},"end":{"line":80,"column":43}},"23":{"start":{"line":82,"column":8},"end":{"line":82,"column":47}},"24":{"start":{"line":83,"column":8},"end":{"line":90,"column":13}},"25":{"start":{"line":86,"column":12},"end":{"line":86,"column":82}},"26":{"start":{"line":89,"column":12},"end":{"line":89,"column":33}},"27":{"start":{"line":92,"column":8},"end":{"line":99,"column":13}},"28":{"start":{"line":95,"column":12},"end":{"line":95,"column":82}},"29":{"start":{"line":98,"column":12},"end":{"line":98,"column":29}},"30":{"start":{"line":103,"column":6},"end":{"line":103,"column":25}},"31":{"start":{"line":105,"column":2},"end":{"line":105,"column":18}},"32":{"start":{"line":108,"column":0},"end":{"line":111,"column":2}}},"fnMap":{"0":{"name":"(anonymous_0)","decl":{"start":{"line":10,"column":33},"end":{"line":10,"column":34}},"loc":{"start":{"line":10,"column":39},"end":{"line":17,"column":1}},"line":10},"1":{"name":"(anonymous_1)","decl":{"start":{"line":37,"column":43},"end":{"line":37,"column":44}},"loc":{"start":{"line":37,"column":63},"end":{"line":56,"column":1}},"line":37},"2":{"name":"(anonymous_2)","decl":{"start":{"line":38,"column":60},"end":{"line":38,"column":61}},"loc":{"start":{"line":38,"column":76},"end":{"line":55,"column":3}},"line":38},"3":{"name":"handleAvatarUpload","decl":{"start":{"line":64,"column":15},"end":{"line":64,"column":33}},"loc":{"start":{"line":64,"column":53},"end":{"line":106,"column":1}},"line":64},"4":{"name":"(anonymous_4)","decl":{"start":{"line":67,"column":10},"end":{"line":67,"column":11}},"loc":{"start":{"line":67,"column":27},"end":{"line":101,"column":5}},"line":67},"5":{"name":"(anonymous_5)","decl":{"start":{"line":72,"column":10},"end":{"line":72,"column":11}},"loc":{"start":{"line":72,"column":25},"end":{"line":76,"column":11}},"line":72},"6":{"name":"(anonymous_6)","decl":{"start":{"line":85,"column":16},"end":{"line":85,"column":17}},"loc":{"start":{"line":85,"column":26},"end":{"line":87,"column":11}},"line":85},"7":{"name":"(anonymous_7)","decl":{"start":{"line":88,"column":17},"end":{"line":88,"column":18}},"loc":{"start":{"line":88,"column":26},"end":{"line":90,"column":11}},"line":88},"8":{"name":"(anonymous_8)","decl":{"start":{"line":94,"column":16},"end":{"line":94,"column":17}},"loc":{"start":{"line":94,"column":26},"end":{"line":96,"column":11}},"line":94},"9":{"name":"(anonymous_9)","decl":{"start":{"line":97,"column":17},"end":{"line":97,"column":18}},"loc":{"start":{"line":97,"column":26},"end":{"line":99,"column":11}},"line":97},"10":{"name":"(anonymous_10)","decl":{"start":{"line":102,"column":11},"end":{"line":102,"column":12}},"loc":{"start":{"line":102,"column":20},"end":{"line":104,"column":5}},"line":102}},"branchMap":{"0":{"loc":{"start":{"line":39,"column":4},"end":{"line":41,"column":5}},"type":"if","locations":[{"start":{"line":39,"column":4},"end":{"line":41,"column":5}},{"start":{"line":39,"column":4},"end":{"line":41,"column":5}}],"line":39},"1":{"loc":{"start":{"line":42,"column":4},"end":{"line":47,"column":5}},"type":"if","locations":[{"start":{"line":42,"column":4},"end":{"line":47,"column":5}},{"start":{"line":42,"column":4},"end":{"line":47,"column":5}}],"line":42},"2":{"loc":{"start":{"line":42,"column":8},"end":{"line":42,"column":39}},"type":"binary-expr","locations":[{"start":{"line":42,"column":8},"end":{"line":42,"column":17}},{"start":{"line":42,"column":21},"end":{"line":42,"column":39}}],"line":42},"3":{"loc":{"start":{"line":48,"column":4},"end":{"line":54,"column":5}},"type":"if","locations":[{"start":{"line":48,"column":4},"end":{"line":54,"column":5}},{"start":{"line":48,"column":4},"end":{"line":54,"column":5}}],"line":48},"4":{"loc":{"start":{"line":68,"column":6},"end":{"line":100,"column":7}},"type":"if","locations":[{"start":{"line":68,"column":6},"end":{"line":100,"column":7}},{"start":{"line":68,"column":6},"end":{"line":100,"column":7}}],"line":68},"5":{"loc":{"start":{"line":73,"column":12},"end":{"line":75,"column":13}},"type":"if","locations":[{"start":{"line":73,"column":12},"end":{"line":75,"column":13}},{"start":{"line":73,"column":12},"end":{"line":75,"column":13}}],"line":73}},"s":{"0":2,"1":2,"2":2,"3":2,"4":2,"5":2,"6":2,"7":2,"8":1,"9":0,"10":0,"11":0,"12":0,"13":0,"14":0,"15":0,"16":1,"17":1,"18":0,"19":0,"20":0,"21":0,"22":0,"23":0,"24":0,"25":0,"26":0,"27":0,"28":0,"29":0,"30":1,"31":0,"32":2},"f":{"0":2,"1":1,"2":0,"3":1,"4":0,"5":0,"6":0,"7":0,"8":0,"9":0,"10":1},"b":{"0":[0,0],"1":[0,0],"2":[0,0],"3":[0,0],"4":[0,0],"5":[0,0]},"_coverageSchema":"1a1c01bbd47fc00a2c39e90264f33305004495a9","hash":"c1bf91e9ebe66c732f0a485f4969674bf88499cb"}
,"C:\\Users\\jonle\\Git\\allez\\server\\routes\\api\\RouteDetection.js": {"path":"C:\\Users\\jonle\\Git\\allez\\server\\routes\\api\\RouteDetection.js","statementMap":{"0":{"start":{"line":1,"column":62},"end":{"line":1,"column":79}},"1":{"start":{"line":2,"column":18},"end":{"line":2,"column":34}},"2":{"start":{"line":3,"column":49},"end":{"line":3,"column":62}},"3":{"start":{"line":7,"column":2},"end":{"line":12,"column":5}},"4":{"start":{"line":8,"column":4},"end":{"line":10,"column":6}},"5":{"start":{"line":11,"column":4},"end":{"line":11,"column":43}},"6":{"start":{"line":18,"column":14},"end":{"line":18,"column":25}},"7":{"start":{"line":19,"column":2},"end":{"line":19,"column":40}},"8":{"start":{"line":21,"column":2},"end":{"line":21,"column":23}},"9":{"start":{"line":22,"column":2},"end":{"line":22,"column":36}},"10":{"start":{"line":23,"column":2},"end":{"line":23,"column":31}},"11":{"start":{"line":24,"column":2},"end":{"line":24,"column":34}},"12":{"start":{"line":30,"column":2},"end":{"line":30,"column":15}},"13":{"start":{"line":31,"column":2},"end":{"line":31,"column":21}},"14":{"start":{"line":33,"column":16},"end":{"line":33,"column":47}},"15":{"start":{"line":34,"column":14},"end":{"line":34,"column":30}},"16":{"start":{"line":35,"column":14},"end":{"line":35,"column":26}},"17":{"start":{"line":36,"column":12},"end":{"line":36,"column":39}},"18":{"start":{"line":37,"column":17},"end":{"line":37,"column":37}},"19":{"start":{"line":38,"column":2},"end":{"line":38,"column":91}},"20":{"start":{"line":40,"column":17},"end":{"line":40,"column":39}},"21":{"start":{"line":42,"column":2},"end":{"line":42,"column":25}},"22":{"start":{"line":43,"column":2},"end":{"line":43,"column":62}},"23":{"start":{"line":44,"column":2},"end":{"line":44,"column":15}},"24":{"start":{"line":45,"column":2},"end":{"line":45,"column":15}},"25":{"start":{"line":47,"column":2},"end":{"line":47,"column":41}},"26":{"start":{"line":50,"column":0},"end":{"line":50,"column":30}}},"fnMap":{"0":{"name":"loadOpenCV","decl":{"start":{"line":6,"column":9},"end":{"line":6,"column":19}},"loc":{"start":{"line":6,"column":22},"end":{"line":13,"column":1}},"line":6},"1":{"name":"(anonymous_1)","decl":{"start":{"line":7,"column":21},"end":{"line":7,"column":22}},"loc":{"start":{"line":7,"column":32},"end":{"line":12,"column":3}},"line":7},"2":{"name":"installDOM","decl":{"start":{"line":17,"column":9},"end":{"line":17,"column":19}},"loc":{"start":{"line":17,"column":22},"end":{"line":25,"column":1}},"line":17},"3":{"name":"handleDetect","decl":{"start":{"line":29,"column":15},"end":{"line":29,"column":27}},"loc":{"start":{"line":29,"column":38},"end":{"line":49,"column":1}},"line":29}},"branchMap":{},"s":{"0":2,"1":2,"2":2,"3":0,"4":0,"5":0,"6":0,"7":0,"8":0,"9":0,"10":0,"11":0,"12":0,"13":0,"14":0,"15":0,"16":0,"17":0,"18":0,"19":0,"20":0,"21":0,"22":0,"23":0,"24":0,"25":0,"26":2},"f":{"0":0,"1":0,"2":0,"3":0},"b":{},"_coverageSchema":"1a1c01bbd47fc00a2c39e90264f33305004495a9","hash":"dd405fff618bab33be8ce2281e2f9c649abbc3ec"}
,"C:\\Users\\jonle\\Git\\allez\\server\\routes\\api\\Users.js": {"path":"C:\\Users\\jonle\\Git\\allez\\server\\routes\\api\\Users.js","statementMap":{"0":{"start":{"line":1,"column":16},"end":{"line":1,"column":34}},"1":{"start":{"line":2,"column":15},"end":{"line":2,"column":31}},"2":{"start":{"line":3,"column":15},"end":{"line":3,"column":34}},"3":{"start":{"line":4,"column":12},"end":{"line":4,"column":35}},"4":{"start":{"line":5,"column":15},"end":{"line":5,"column":42}},"5":{"start":{"line":8,"column":17},"end":{"line":8,"column":44}},"6":{"start":{"line":11,"column":19},"end":{"line":11,"column":40}},"7":{"start":{"line":14,"column":20},"end":{"line":24,"column":2}},"8":{"start":{"line":29,"column":13},"end":{"line":29,"column":41}},"9":{"start":{"line":30,"column":14},"end":{"line":30,"column":44}},"10":{"start":{"line":32,"column":21},"end":{"line":32,"column":46}},"11":{"start":{"line":44,"column":18},"end":{"line":49,"column":4}},"12":{"start":{"line":52,"column":2},"end":{"line":98,"column":5}},"13":{"start":{"line":53,"column":4},"end":{"line":97,"column":7}},"14":{"start":{"line":54,"column":6},"end":{"line":56,"column":7}},"15":{"start":{"line":55,"column":8},"end":{"line":55,"column":41}},"16":{"start":{"line":57,"column":6},"end":{"line":57,"column":30}},"17":{"start":{"line":59,"column":6},"end":{"line":96,"column":11}},"18":{"start":{"line":62,"column":24},"end":{"line":62,"column":73}},"19":{"start":{"line":79,"column":10},"end":{"line":79,"column":56}},"20":{"start":{"line":83,"column":10},"end":{"line":94,"column":11}},"21":{"start":{"line":84,"column":12},"end":{"line":92,"column":13}},"22":{"start":{"line":85,"column":14},"end":{"line":87,"column":61}},"23":{"start":{"line":88,"column":19},"end":{"line":92,"column":13}},"24":{"start":{"line":89,"column":14},"end":{"line":91,"column":64}},"25":{"start":{"line":93,"column":12},"end":{"line":93,"column":45}},"26":{"start":{"line":95,"column":10},"end":{"line":95,"column":43}},"27":{"start":{"line":117,"column":2},"end":{"line":156,"column":3}},"28":{"start":{"line":118,"column":42},"end":{"line":118,"column":50}},"29":{"start":{"line":119,"column":4},"end":{"line":153,"column":5}},"30":{"start":{"line":120,"column":6},"end":{"line":122,"column":63}},"31":{"start":{"line":126,"column":6},"end":{"line":130,"column":7}},"32":{"start":{"line":127,"column":8},"end":{"line":127,"column":58}},"33":{"start":{"line":129,"column":8},"end":{"line":129,"column":52}},"34":{"start":{"line":131,"column":6},"end":{"line":135,"column":7}},"35":{"start":{"line":132,"column":8},"end":{"line":132,"column":65}},"36":{"start":{"line":133,"column":13},"end":{"line":135,"column":7}},"37":{"start":{"line":134,"column":8},"end":{"line":134,"column":74}},"38":{"start":{"line":137,"column":28},"end":{"line":137,"column":73}},"39":{"start":{"line":138,"column":6},"end":{"line":140,"column":7}},"40":{"start":{"line":139,"column":8},"end":{"line":139,"column":72}},"41":{"start":{"line":142,"column":20},"end":{"line":142,"column":70}},"42":{"start":{"line":145,"column":6},"end":{"line":152,"column":9}},"43":{"start":{"line":155,"column":4},"end":{"line":155,"column":56}},"44":{"start":{"line":172,"column":16},"end":{"line":172,"column":35}},"45":{"start":{"line":173,"column":2},"end":{"line":198,"column":3}},"46":{"start":{"line":174,"column":4},"end":{"line":174,"column":57}},"47":{"start":{"line":177,"column":4},"end":{"line":197,"column":5}},"48":{"start":{"line":178,"column":23},"end":{"line":178,"column":64}},"49":{"start":{"line":179,"column":21},"end":{"line":179,"column":65}},"50":{"start":{"line":181,"column":6},"end":{"line":181,"column":54}},"51":{"start":{"line":182,"column":6},"end":{"line":190,"column":9}},"52":{"start":{"line":192,"column":6},"end":{"line":194,"column":7}},"53":{"start":{"line":193,"column":8},"end":{"line":193,"column":41}},"54":{"start":{"line":196,"column":6},"end":{"line":196,"column":39}},"55":{"start":{"line":210,"column":16},"end":{"line":210,"column":30}},"56":{"start":{"line":212,"column":2},"end":{"line":245,"column":3}},"57":{"start":{"line":213,"column":4},"end":{"line":213,"column":68}},"58":{"start":{"line":215,"column":4},"end":{"line":244,"column":5}},"59":{"start":{"line":217,"column":19},"end":{"line":217,"column":55}},"60":{"start":{"line":218,"column":6},"end":{"line":241,"column":7}},"61":{"start":{"line":219,"column":8},"end":{"line":219,"column":65}},"62":{"start":{"line":221,"column":23},"end":{"line":221,"column":66}},"63":{"start":{"line":223,"column":22},"end":{"line":225,"column":10}},"64":{"start":{"line":240,"column":8},"end":{"line":240,"column":54}},"65":{"start":{"line":243,"column":6},"end":{"line":243,"column":39}},"66":{"start":{"line":259,"column":16},"end":{"line":259,"column":30}},"67":{"start":{"line":260,"column":2},"end":{"line":308,"column":3}},"68":{"start":{"line":261,"column":4},"end":{"line":261,"column":57}},"69":{"start":{"line":263,"column":4},"end":{"line":307,"column":5}},"70":{"start":{"line":264,"column":21},"end":{"line":264,"column":64}},"71":{"start":{"line":266,"column":6},"end":{"line":266,"column":41}},"72":{"start":{"line":268,"column":17},"end":{"line":268,"column":54}},"73":{"start":{"line":269,"column":19},"end":{"line":269,"column":55}},"74":{"start":{"line":270,"column":21},"end":{"line":270,"column":23}},"75":{"start":{"line":271,"column":6},"end":{"line":299,"column":7}},"76":{"start":{"line":272,"column":8},"end":{"line":272,"column":68}},"77":{"start":{"line":275,"column":8},"end":{"line":297,"column":10}},"78":{"start":{"line":276,"column":10},"end":{"line":296,"column":12}},"79":{"start":{"line":277,"column":12},"end":{"line":295,"column":13}},"80":{"start":{"line":278,"column":14},"end":{"line":278,"column":73}},"81":{"start":{"line":280,"column":14},"end":{"line":294,"column":19}},"82":{"start":{"line":288,"column":18},"end":{"line":290,"column":72}},"83":{"start":{"line":293,"column":18},"end":{"line":293,"column":51}},"84":{"start":{"line":302,"column":6},"end":{"line":304,"column":7}},"85":{"start":{"line":303,"column":8},"end":{"line":303,"column":70}},"86":{"start":{"line":306,"column":6},"end":{"line":306,"column":39}},"87":{"start":{"line":320,"column":2},"end":{"line":350,"column":3}},"88":{"start":{"line":321,"column":4},"end":{"line":321,"column":63}},"89":{"start":{"line":323,"column":4},"end":{"line":349,"column":5}},"90":{"start":{"line":324,"column":6},"end":{"line":324,"column":64}},"91":{"start":{"line":326,"column":6},"end":{"line":348,"column":7}},"92":{"start":{"line":327,"column":8},"end":{"line":327,"column":62}},"93":{"start":{"line":328,"column":19},"end":{"line":328,"column":75}},"94":{"start":{"line":329,"column":21},"end":{"line":329,"column":57}},"95":{"start":{"line":330,"column":8},"end":{"line":332,"column":9}},"96":{"start":{"line":331,"column":10},"end":{"line":331,"column":80}},"97":{"start":{"line":333,"column":8},"end":{"line":337,"column":10}},"98":{"start":{"line":338,"column":8},"end":{"line":340,"column":63}},"99":{"start":{"line":342,"column":8},"end":{"line":346,"column":9}},"100":{"start":{"line":343,"column":10},"end":{"line":345,"column":73}},"101":{"start":{"line":347,"column":8},"end":{"line":347,"column":54}},"102":{"start":{"line":362,"column":2},"end":{"line":377,"column":3}},"103":{"start":{"line":363,"column":4},"end":{"line":363,"column":55}},"104":{"start":{"line":364,"column":4},"end":{"line":364,"column":63}},"105":{"start":{"line":366,"column":4},"end":{"line":376,"column":5}},"106":{"start":{"line":367,"column":6},"end":{"line":369,"column":9}},"107":{"start":{"line":370,"column":11},"end":{"line":376,"column":5}},"108":{"start":{"line":371,"column":6},"end":{"line":373,"column":9}},"109":{"start":{"line":375,"column":6},"end":{"line":375,"column":52}},"110":{"start":{"line":380,"column":2},"end":{"line":428,"column":3}},"111":{"start":{"line":381,"column":17},"end":{"line":381,"column":53}},"112":{"start":{"line":382,"column":4},"end":{"line":386,"column":5}},"113":{"start":{"line":383,"column":6},"end":{"line":385,"column":9}},"114":{"start":{"line":387,"column":4},"end":{"line":402,"column":5}},"115":{"start":{"line":388,"column":22},"end":{"line":388,"column":41}},"116":{"start":{"line":389,"column":21},"end":{"line":389,"column":52}},"117":{"start":{"line":390,"column":21},"end":{"line":394,"column":8}},"118":{"start":{"line":396,"column":6},"end":{"line":398,"column":51}},"119":{"start":{"line":397,"column":25},"end":{"line":397,"column":40}},"120":{"start":{"line":398,"column":24},"end":{"line":398,"column":49}},"121":{"start":{"line":401,"column":6},"end":{"line":401,"column":33}},"122":{"start":{"line":405,"column":4},"end":{"line":405,"column":66}},"123":{"start":{"line":406,"column":4},"end":{"line":406,"column":62}},"124":{"start":{"line":407,"column":4},"end":{"line":407,"column":70}},"125":{"start":{"line":409,"column":4},"end":{"line":425,"column":9}},"126":{"start":{"line":412,"column":8},"end":{"line":421,"column":11}},"127":{"start":{"line":424,"column":8},"end":{"line":424,"column":41}},"128":{"start":{"line":427,"column":4},"end":{"line":427,"column":37}},"129":{"start":{"line":432,"column":2},"end":{"line":448,"column":3}},"130":{"start":{"line":433,"column":4},"end":{"line":433,"column":70}},"131":{"start":{"line":435,"column":21},"end":{"line":435,"column":43}},"132":{"start":{"line":436,"column":17},"end":{"line":436,"column":59}},"133":{"start":{"line":437,"column":4},"end":{"line":439,"column":5}},"134":{"start":{"line":438,"column":6},"end":{"line":438,"column":65}},"135":{"start":{"line":440,"column":4},"end":{"line":447,"column":7}},"136":{"start":{"line":451,"column":0},"end":{"line":451,"column":41}},"137":{"start":{"line":454,"column":0},"end":{"line":454,"column":35}},"138":{"start":{"line":457,"column":0},"end":{"line":457,"column":36}},"139":{"start":{"line":460,"column":0},"end":{"line":460,"column":42}},"140":{"start":{"line":463,"column":0},"end":{"line":463,"column":39}},"141":{"start":{"line":466,"column":0},"end":{"line":466,"column":38}},"142":{"start":{"line":469,"column":0},"end":{"line":471,"column":58}},"143":{"start":{"line":474,"column":0},"end":{"line":474,"column":56}},"144":{"start":{"line":476,"column":0},"end":{"line":476,"column":30}},"145":{"start":{"line":478,"column":0},"end":{"line":478,"column":24}}},"fnMap":{"0":{"name":"handleRegister","decl":{"start":{"line":43,"column":15},"end":{"line":43,"column":29}},"loc":{"start":{"line":43,"column":40},"end":{"line":101,"column":1}},"line":43},"1":{"name":"(anonymous_1)","decl":{"start":{"line":52,"column":24},"end":{"line":52,"column":25}},"loc":{"start":{"line":52,"column":34},"end":{"line":98,"column":3}},"line":52},"2":{"name":"(anonymous_2)","decl":{"start":{"line":53,"column":40},"end":{"line":53,"column":41}},"loc":{"start":{"line":53,"column":55},"end":{"line":97,"column":5}},"line":53},"3":{"name":"(anonymous_3)","decl":{"start":{"line":61,"column":14},"end":{"line":61,"column":15}},"loc":{"start":{"line":61,"column":30},"end":{"line":80,"column":9}},"line":61},"4":{"name":"(anonymous_4)","decl":{"start":{"line":81,"column":15},"end":{"line":81,"column":16}},"loc":{"start":{"line":81,"column":24},"end":{"line":96,"column":9}},"line":81},"5":{"name":"handleLogin","decl":{"start":{"line":116,"column":15},"end":{"line":116,"column":26}},"loc":{"start":{"line":116,"column":37},"end":{"line":157,"column":1}},"line":116},"6":{"name":"handleVerify","decl":{"start":{"line":171,"column":15},"end":{"line":171,"column":27}},"loc":{"start":{"line":171,"column":38},"end":{"line":199,"column":1}},"line":171},"7":{"name":"handleResetRequest","decl":{"start":{"line":209,"column":15},"end":{"line":209,"column":33}},"loc":{"start":{"line":209,"column":44},"end":{"line":246,"column":1}},"line":209},"8":{"name":"handleReset","decl":{"start":{"line":258,"column":15},"end":{"line":258,"column":26}},"loc":{"start":{"line":258,"column":37},"end":{"line":309,"column":1}},"line":258},"9":{"name":"(anonymous_9)","decl":{"start":{"line":275,"column":30},"end":{"line":275,"column":31}},"loc":{"start":{"line":276,"column":10},"end":{"line":296,"column":12}},"line":276},"10":{"name":"(anonymous_10)","decl":{"start":{"line":276,"column":47},"end":{"line":276,"column":48}},"loc":{"start":{"line":276,"column":68},"end":{"line":296,"column":11}},"line":276},"11":{"name":"(anonymous_11)","decl":{"start":{"line":287,"column":22},"end":{"line":287,"column":23}},"loc":{"start":{"line":287,"column":28},"end":{"line":291,"column":17}},"line":287},"12":{"name":"(anonymous_12)","decl":{"start":{"line":292,"column":23},"end":{"line":292,"column":24}},"loc":{"start":{"line":292,"column":32},"end":{"line":294,"column":17}},"line":292},"13":{"name":"handleConfirm","decl":{"start":{"line":319,"column":15},"end":{"line":319,"column":28}},"loc":{"start":{"line":319,"column":39},"end":{"line":351,"column":1}},"line":319},"14":{"name":"handleUpdateProfile","decl":{"start":{"line":360,"column":15},"end":{"line":360,"column":34}},"loc":{"start":{"line":360,"column":51},"end":{"line":429,"column":1}},"line":360},"15":{"name":"(anonymous_15)","decl":{"start":{"line":397,"column":14},"end":{"line":397,"column":15}},"loc":{"start":{"line":397,"column":25},"end":{"line":397,"column":40}},"line":397},"16":{"name":"(anonymous_16)","decl":{"start":{"line":398,"column":15},"end":{"line":398,"column":16}},"loc":{"start":{"line":398,"column":24},"end":{"line":398,"column":49}},"line":398},"17":{"name":"(anonymous_17)","decl":{"start":{"line":411,"column":12},"end":{"line":411,"column":13}},"loc":{"start":{"line":411,"column":22},"end":{"line":422,"column":7}},"line":411},"18":{"name":"(anonymous_18)","decl":{"start":{"line":423,"column":13},"end":{"line":423,"column":14}},"loc":{"start":{"line":423,"column":22},"end":{"line":425,"column":7}},"line":423},"19":{"name":"handleGetPublicProfile","decl":{"start":{"line":431,"column":15},"end":{"line":431,"column":37}},"loc":{"start":{"line":431,"column":48},"end":{"line":449,"column":1}},"line":431}},"branchMap":{"0":{"loc":{"start":{"line":54,"column":6},"end":{"line":56,"column":7}},"type":"if","locations":[{"start":{"line":54,"column":6},"end":{"line":56,"column":7}},{"start":{"line":54,"column":6},"end":{"line":56,"column":7}}],"line":54},"1":{"loc":{"start":{"line":83,"column":10},"end":{"line":94,"column":11}},"type":"if","locations":[{"start":{"line":83,"column":10},"end":{"line":94,"column":11}},{"start":{"line":83,"column":10},"end":{"line":94,"column":11}}],"line":83},"2":{"loc":{"start":{"line":84,"column":12},"end":{"line":92,"column":13}},"type":"if","locations":[{"start":{"line":84,"column":12},"end":{"line":92,"column":13}},{"start":{"line":84,"column":12},"end":{"line":92,"column":13}}],"line":84},"3":{"loc":{"start":{"line":88,"column":19},"end":{"line":92,"column":13}},"type":"if","locations":[{"start":{"line":88,"column":19},"end":{"line":92,"column":13}},{"start":{"line":88,"column":19},"end":{"line":92,"column":13}}],"line":88},"4":{"loc":{"start":{"line":119,"column":4},"end":{"line":153,"column":5}},"type":"if","locations":[{"start":{"line":119,"column":4},"end":{"line":153,"column":5}},{"start":{"line":119,"column":4},"end":{"line":153,"column":5}}],"line":119},"5":{"loc":{"start":{"line":119,"column":8},"end":{"line":119,"column":42}},"type":"binary-expr","locations":[{"start":{"line":119,"column":9},"end":{"line":119,"column":15}},{"start":{"line":119,"column":19},"end":{"line":119,"column":28}},{"start":{"line":119,"column":33},"end":{"line":119,"column":42}}],"line":119},"6":{"loc":{"start":{"line":126,"column":6},"end":{"line":130,"column":7}},"type":"if","locations":[{"start":{"line":126,"column":6},"end":{"line":130,"column":7}},{"start":{"line":126,"column":6},"end":{"line":130,"column":7}}],"line":126},"7":{"loc":{"start":{"line":131,"column":6},"end":{"line":135,"column":7}},"type":"if","locations":[{"start":{"line":131,"column":6},"end":{"line":135,"column":7}},{"start":{"line":131,"column":6},"end":{"line":135,"column":7}}],"line":131},"8":{"loc":{"start":{"line":133,"column":13},"end":{"line":135,"column":7}},"type":"if","locations":[{"start":{"line":133,"column":13},"end":{"line":135,"column":7}},{"start":{"line":133,"column":13},"end":{"line":135,"column":7}}],"line":133},"9":{"loc":{"start":{"line":138,"column":6},"end":{"line":140,"column":7}},"type":"if","locations":[{"start":{"line":138,"column":6},"end":{"line":140,"column":7}},{"start":{"line":138,"column":6},"end":{"line":140,"column":7}}],"line":138},"10":{"loc":{"start":{"line":173,"column":2},"end":{"line":198,"column":3}},"type":"if","locations":[{"start":{"line":173,"column":2},"end":{"line":198,"column":3}},{"start":{"line":173,"column":2},"end":{"line":198,"column":3}}],"line":173},"11":{"loc":{"start":{"line":192,"column":6},"end":{"line":194,"column":7}},"type":"if","locations":[{"start":{"line":192,"column":6},"end":{"line":194,"column":7}},{"start":{"line":192,"column":6},"end":{"line":194,"column":7}}],"line":192},"12":{"loc":{"start":{"line":212,"column":2},"end":{"line":245,"column":3}},"type":"if","locations":[{"start":{"line":212,"column":2},"end":{"line":245,"column":3}},{"start":{"line":212,"column":2},"end":{"line":245,"column":3}}],"line":212},"13":{"loc":{"start":{"line":218,"column":6},"end":{"line":241,"column":7}},"type":"if","locations":[{"start":{"line":218,"column":6},"end":{"line":241,"column":7}},{"start":{"line":218,"column":6},"end":{"line":241,"column":7}}],"line":218},"14":{"loc":{"start":{"line":260,"column":2},"end":{"line":308,"column":3}},"type":"if","locations":[{"start":{"line":260,"column":2},"end":{"line":308,"column":3}},{"start":{"line":260,"column":2},"end":{"line":308,"column":3}}],"line":260},"15":{"loc":{"start":{"line":271,"column":6},"end":{"line":299,"column":7}},"type":"if","locations":[{"start":{"line":271,"column":6},"end":{"line":299,"column":7}},{"start":{"line":271,"column":6},"end":{"line":299,"column":7}}],"line":271},"16":{"loc":{"start":{"line":277,"column":12},"end":{"line":295,"column":13}},"type":"if","locations":[{"start":{"line":277,"column":12},"end":{"line":295,"column":13}},{"start":{"line":277,"column":12},"end":{"line":295,"column":13}}],"line":277},"17":{"loc":{"start":{"line":302,"column":6},"end":{"line":304,"column":7}},"type":"if","locations":[{"start":{"line":302,"column":6},"end":{"line":304,"column":7}},{"start":{"line":302,"column":6},"end":{"line":304,"column":7}}],"line":302},"18":{"loc":{"start":{"line":320,"column":2},"end":{"line":350,"column":3}},"type":"if","locations":[{"start":{"line":320,"column":2},"end":{"line":350,"column":3}},{"start":{"line":320,"column":2},"end":{"line":350,"column":3}}],"line":320},"19":{"loc":{"start":{"line":323,"column":4},"end":{"line":349,"column":5}},"type":"if","locations":[{"start":{"line":323,"column":4},"end":{"line":349,"column":5}},{"start":{"line":323,"column":4},"end":{"line":349,"column":5}}],"line":323},"20":{"loc":{"start":{"line":330,"column":8},"end":{"line":332,"column":9}},"type":"if","locations":[{"start":{"line":330,"column":8},"end":{"line":332,"column":9}},{"start":{"line":330,"column":8},"end":{"line":332,"column":9}}],"line":330},"21":{"loc":{"start":{"line":342,"column":8},"end":{"line":346,"column":9}},"type":"if","locations":[{"start":{"line":342,"column":8},"end":{"line":346,"column":9}},{"start":{"line":342,"column":8},"end":{"line":346,"column":9}}],"line":342},"22":{"loc":{"start":{"line":366,"column":4},"end":{"line":376,"column":5}},"type":"if","locations":[{"start":{"line":366,"column":4},"end":{"line":376,"column":5}},{"start":{"line":366,"column":4},"end":{"line":376,"column":5}}],"line":366},"23":{"loc":{"start":{"line":370,"column":11},"end":{"line":376,"column":5}},"type":"if","locations":[{"start":{"line":370,"column":11},"end":{"line":376,"column":5}},{"start":{"line":370,"column":11},"end":{"line":376,"column":5}}],"line":370},"24":{"loc":{"start":{"line":382,"column":4},"end":{"line":386,"column":5}},"type":"if","locations":[{"start":{"line":382,"column":4},"end":{"line":386,"column":5}},{"start":{"line":382,"column":4},"end":{"line":386,"column":5}}],"line":382},"25":{"loc":{"start":{"line":387,"column":4},"end":{"line":402,"column":5}},"type":"if","locations":[{"start":{"line":387,"column":4},"end":{"line":402,"column":5}},{"start":{"line":387,"column":4},"end":{"line":402,"column":5}}],"line":387},"26":{"loc":{"start":{"line":405,"column":16},"end":{"line":405,"column":65}},"type":"cond-expr","locations":[{"start":{"line":405,"column":40},"end":{"line":405,"column":49}},{"start":{"line":405,"column":52},"end":{"line":405,"column":65}}],"line":405},"27":{"loc":{"start":{"line":406,"column":15},"end":{"line":406,"column":61}},"type":"cond-expr","locations":[{"start":{"line":406,"column":38},"end":{"line":406,"column":46}},{"start":{"line":406,"column":49},"end":{"line":406,"column":61}}],"line":406},"28":{"loc":{"start":{"line":407,"column":17},"end":{"line":407,"column":69}},"type":"cond-expr","locations":[{"start":{"line":407,"column":42},"end":{"line":407,"column":52}},{"start":{"line":407,"column":55},"end":{"line":407,"column":69}}],"line":407},"29":{"loc":{"start":{"line":432,"column":2},"end":{"line":448,"column":3}},"type":"if","locations":[{"start":{"line":432,"column":2},"end":{"line":448,"column":3}},{"start":{"line":432,"column":2},"end":{"line":448,"column":3}}],"line":432},"30":{"loc":{"start":{"line":437,"column":4},"end":{"line":439,"column":5}},"type":"if","locations":[{"start":{"line":437,"column":4},"end":{"line":439,"column":5}},{"start":{"line":437,"column":4},"end":{"line":439,"column":5}}],"line":437}},"s":{"0":2,"1":2,"2":2,"3":2,"4":2,"5":2,"6":2,"7":2,"8":2,"9":2,"10":2,"11":13,"12":13,"13":13,"14":13,"15":0,"16":13,"17":13,"18":12,"19":12,"20":1,"21":0,"22":0,"23":0,"24":0,"25":0,"26":1,"27":9,"28":9,"29":9,"30":1,"31":8,"32":1,"33":7,"34":8,"35":1,"36":7,"37":1,"38":6,"39":6,"40":1,"41":5,"42":5,"43":0,"44":3,"45":3,"46":1,"47":2,"48":2,"49":1,"50":1,"51":1,"52":1,"53":1,"54":0,"55":4,"56":4,"57":1,"58":3,"59":3,"60":3,"61":1,"62":2,"63":2,"64":2,"65":0,"66":3,"67":3,"68":1,"69":2,"70":2,"71":2,"72":1,"73":1,"74":1,"75":1,"76":0,"77":1,"78":1,"79":1,"80":0,"81":1,"82":1,"83":0,"84":1,"85":0,"86":1,"87":8,"88":0,"89":8,"90":1,"91":7,"92":7,"93":6,"94":6,"95":6,"96":1,"97":5,"98":5,"99":1,"100":1,"101":0,"102":2,"103":2,"104":1,"105":1,"106":1,"107":0,"108":0,"109":0,"110":1,"111":1,"112":1,"113":0,"114":1,"115":0,"116":0,"117":0,"118":0,"119":0,"120":0,"121":0,"122":1,"123":1,"124":1,"125":1,"126":1,"127":0,"128":0,"129":3,"130":1,"131":2,"132":2,"133":2,"134":1,"135":1,"136":2,"137":2,"138":2,"139":2,"140":2,"141":2,"142":2,"143":2,"144":2,"145":2},"f":{"0":13,"1":13,"2":13,"3":12,"4":1,"5":9,"6":3,"7":4,"8":3,"9":1,"10":1,"11":1,"12":0,"13":8,"14":2,"15":0,"16":0,"17":1,"18":0,"19":3},"b":{"0":[0,13],"1":[0,1],"2":[0,0],"3":[0,0],"4":[1,8],"5":[9,2,8],"6":[1,7],"7":[1,7],"8":[1,6],"9":[1,5],"10":[1,2],"11":[1,0],"12":[1,3],"13":[1,2],"14":[1,2],"15":[0,1],"16":[0,1],"17":[0,1],"18":[0,8],"19":[1,7],"20":[1,5],"21":[1,0],"22":[1,0],"23":[0,0],"24":[0,1],"25":[0,1],"26":[0,1],"27":[0,1],"28":[1,0],"29":[1,2],"30":[1,1]},"_coverageSchema":"1a1c01bbd47fc00a2c39e90264f33305004495a9","hash":"2d5d307d726e99edb4d0b4bd3c99ca242f117448"}
}
