{"C:\\Users\\jonle\\Git\\allez\\server\\gridfs.js": {"path":"C:\\Users\\jonle\\Git\\allez\\server\\gridfs.js","statementMap":{"0":{"start":{"line":2,"column":23},"end":{"line":2,"column":49}},"1":{"start":{"line":3,"column":15},"end":{"line":3,"column":32}},"2":{"start":{"line":4,"column":22},"end":{"line":4,"column":54}},"3":{"start":{"line":5,"column":15},"end":{"line":5,"column":32}},"4":{"start":{"line":6,"column":13},"end":{"line":6,"column":28}},"5":{"start":{"line":7,"column":17},"end":{"line":7,"column":36}},"6":{"start":{"line":8,"column":0},"end":{"line":12,"column":3}},"7":{"start":{"line":13,"column":22},"end":{"line":30,"column":2}},"8":{"start":{"line":16,"column":4},"end":{"line":28,"column":7}},"9":{"start":{"line":17,"column":6},"end":{"line":27,"column":9}},"10":{"start":{"line":18,"column":8},"end":{"line":20,"column":9}},"11":{"start":{"line":19,"column":10},"end":{"line":19,"column":29}},"12":{"start":{"line":21,"column":25},"end":{"line":21,"column":79}},"13":{"start":{"line":22,"column":25},"end":{"line":25,"column":9}},"14":{"start":{"line":26,"column":8},"end":{"line":26,"column":26}},"15":{"start":{"line":32,"column":21},"end":{"line":32,"column":55}},"16":{"start":{"line":33,"column":0},"end":{"line":33,"column":30}}},"fnMap":{"0":{"name":"(anonymous_0)","decl":{"start":{"line":15,"column":8},"end":{"line":15,"column":9}},"loc":{"start":{"line":15,"column":23},"end":{"line":29,"column":3}},"line":15},"1":{"name":"(anonymous_1)","decl":{"start":{"line":16,"column":23},"end":{"line":16,"column":24}},"loc":{"start":{"line":16,"column":44},"end":{"line":28,"column":5}},"line":16},"2":{"name":"(anonymous_2)","decl":{"start":{"line":17,"column":29},"end":{"line":17,"column":30}},"loc":{"start":{"line":17,"column":44},"end":{"line":27,"column":7}},"line":17}},"branchMap":{"0":{"loc":{"start":{"line":18,"column":8},"end":{"line":20,"column":9}},"type":"if","locations":[{"start":{"line":18,"column":8},"end":{"line":20,"column":9}},{"start":{"line":18,"column":8},"end":{"line":20,"column":9}}],"line":18}},"s":{"0":1,"1":1,"2":1,"3":1,"4":1,"5":1,"6":1,"7":1,"8":0,"9":0,"10":0,"11":0,"12":0,"13":0,"14":0,"15":1,"16":1},"f":{"0":0,"1":0,"2":0},"b":{"0":[0,0]},"_coverageSchema":"1a1c01bbd47fc00a2c39e90264f33305004495a9","hash":"dbcdb10d38974d052c18cd85f11b12247086b462"}
,"C:\\Users\\jonle\\Git\\allez\\server\\index.js": {"path":"C:\\Users\\jonle\\Git\\allez\\server\\index.js","statementMap":{"0":{"start":{"line":2,"column":16},"end":{"line":2,"column":34}},"1":{"start":{"line":3,"column":12},"end":{"line":3,"column":21}},"2":{"start":{"line":6,"column":17},"end":{"line":6,"column":36}},"3":{"start":{"line":9,"column":13},"end":{"line":9,"column":28}},"4":{"start":{"line":12,"column":0},"end":{"line":12,"column":40}},"5":{"start":{"line":13,"column":0},"end":{"line":13,"column":42}},"6":{"start":{"line":15,"column":16},"end":{"line":40,"column":1}},"7":{"start":{"line":42,"column":0},"end":{"line":42,"column":27}},"8":{"start":{"line":44,"column":0},"end":{"line":44,"column":24}},"9":{"start":{"line":45,"column":0},"end":{"line":52,"column":2}},"10":{"start":{"line":55,"column":14},"end":{"line":55,"column":43}},"11":{"start":{"line":56,"column":19},"end":{"line":56,"column":36}},"12":{"start":{"line":59,"column":15},"end":{"line":59,"column":44}},"13":{"start":{"line":64,"column":0},"end":{"line":64,"column":29}},"14":{"start":{"line":66,"column":15},"end":{"line":66,"column":34}},"15":{"start":{"line":67,"column":0},"end":{"line":67,"column":38}},"16":{"start":{"line":68,"column":0},"end":{"line":72,"column":2}},"17":{"start":{"line":101,"column":0},"end":{"line":103,"column":3}},"18":{"start":{"line":102,"column":2},"end":{"line":102,"column":19}},"19":{"start":{"line":105,"column":0},"end":{"line":105,"column":21}}},"fnMap":{"0":{"name":"(anonymous_0)","decl":{"start":{"line":101,"column":13},"end":{"line":101,"column":14}},"loc":{"start":{"line":101,"column":33},"end":{"line":103,"column":1}},"line":101}},"branchMap":{},"s":{"0":1,"1":1,"2":1,"3":1,"4":1,"5":1,"6":1,"7":1,"8":1,"9":1,"10":1,"11":1,"12":1,"13":1,"14":1,"15":1,"16":1,"17":1,"18":0,"19":1},"f":{"0":0},"b":{},"_coverageSchema":"1a1c01bbd47fc00a2c39e90264f33305004495a9","hash":"5ef82e39e0d4e7edc2622d59afacc78711b15136"}
,"C:\\Users\\jonle\\Git\\allez\\server\\models\\Images.js": {"path":"C:\\Users\\jonle\\Git\\allez\\server\\models\\Images.js","statementMap":{"0":{"start":{"line":1,"column":17},"end":{"line":1,"column":36}},"1":{"start":{"line":2,"column":15},"end":{"line":2,"column":30}},"2":{"start":{"line":4,"column":20},"end":{"line":21,"column":2}},"3":{"start":{"line":23,"column":14},"end":{"line":23,"column":50}},"4":{"start":{"line":25,"column":0},"end":{"line":25,"column":23}}},"fnMap":{},"branchMap":{},"s":{"0":1,"1":1,"2":1,"3":1,"4":1},"f":{},"b":{},"_coverageSchema":"1a1c01bbd47fc00a2c39e90264f33305004495a9","hash":"99c54be2434a6c1ae251d31a62857f8e41c6234b"}
,"C:\\Users\\jonle\\Git\\allez\\server\\models\\User.js": {"path":"C:\\Users\\jonle\\Git\\allez\\server\\models\\User.js","statementMap":{"0":{"start":{"line":1,"column":17},"end":{"line":1,"column":36}},"1":{"start":{"line":7,"column":19},"end":{"line":52,"column":2}},"2":{"start":{"line":54,"column":13},"end":{"line":54,"column":51}},"3":{"start":{"line":55,"column":0},"end":{"line":55,"column":22}}},"fnMap":{},"branchMap":{},"s":{"0":1,"1":1,"2":1,"3":1},"f":{},"b":{},"_coverageSchema":"1a1c01bbd47fc00a2c39e90264f33305004495a9","hash":"da30d9f7584ec70adbb7107919148b423178f532"}
,"C:\\Users\\jonle\\Git\\allez\\server\\routes\\api\\Image.js": {"path":"C:\\Users\\jonle\\Git\\allez\\server\\routes\\api\\Image.js","statementMap":{"0":{"start":{"line":1,"column":16},"end":{"line":1,"column":34}},"1":{"start":{"line":2,"column":20},"end":{"line":2,"column":36}},"2":{"start":{"line":3,"column":17},"end":{"line":3,"column":36}},"3":{"start":{"line":4,"column":14},"end":{"line":4,"column":44}},"4":{"start":{"line":10,"column":0},"end":{"line":17,"column":3}},"5":{"start":{"line":11,"column":2},"end":{"line":13,"column":5}},"6":{"start":{"line":14,"column":2},"end":{"line":16,"column":5}},"7":{"start":{"line":19,"column":0},"end":{"line":32,"column":5}},"8":{"start":{"line":23,"column":4},"end":{"line":31,"column":49}},"9":{"start":{"line":25,"column":8},"end":{"line":29,"column":11}},"10":{"start":{"line":31,"column":22},"end":{"line":31,"column":47}},"11":{"start":{"line":37,"column":0},"end":{"line":53,"column":3}},"12":{"start":{"line":38,"column":2},"end":{"line":52,"column":5}},"13":{"start":{"line":39,"column":4},"end":{"line":44,"column":5}},"14":{"start":{"line":40,"column":6},"end":{"line":43,"column":9}},"15":{"start":{"line":45,"column":4},"end":{"line":51,"column":5}},"16":{"start":{"line":46,"column":6},"end":{"line":46,"column":72}},"17":{"start":{"line":48,"column":6},"end":{"line":50,"column":9}},"18":{"start":{"line":62,"column":17},"end":{"line":62,"column":19}},"19":{"start":{"line":63,"column":2},"end":{"line":95,"column":36}},"20":{"start":{"line":65,"column":6},"end":{"line":93,"column":7}},"21":{"start":{"line":67,"column":8},"end":{"line":74,"column":10}},"22":{"start":{"line":70,"column":12},"end":{"line":72,"column":13}},"23":{"start":{"line":71,"column":14},"end":{"line":71,"column":36}},"24":{"start":{"line":77,"column":8},"end":{"line":77,"column":43}},"25":{"start":{"line":79,"column":8},"end":{"line":79,"column":47}},"26":{"start":{"line":80,"column":8},"end":{"line":85,"column":42}},"27":{"start":{"line":83,"column":12},"end":{"line":83,"column":82}},"28":{"start":{"line":85,"column":26},"end":{"line":85,"column":40}},"29":{"start":{"line":87,"column":8},"end":{"line":92,"column":42}},"30":{"start":{"line":90,"column":12},"end":{"line":90,"column":82}},"31":{"start":{"line":92,"column":26},"end":{"line":92,"column":40}},"32":{"start":{"line":95,"column":20},"end":{"line":95,"column":34}},"33":{"start":{"line":96,"column":2},"end":{"line":96,"column":18}},"34":{"start":{"line":99,"column":0},"end":{"line":102,"column":2}}},"fnMap":{"0":{"name":"(anonymous_0)","decl":{"start":{"line":10,"column":33},"end":{"line":10,"column":34}},"loc":{"start":{"line":10,"column":39},"end":{"line":17,"column":1}},"line":10},"1":{"name":"(anonymous_1)","decl":{"start":{"line":22,"column":7},"end":{"line":22,"column":8}},"loc":{"start":{"line":22,"column":27},"end":{"line":32,"column":3}},"line":22},"2":{"name":"(anonymous_2)","decl":{"start":{"line":24,"column":12},"end":{"line":24,"column":13}},"loc":{"start":{"line":24,"column":24},"end":{"line":30,"column":7}},"line":24},"3":{"name":"(anonymous_3)","decl":{"start":{"line":31,"column":13},"end":{"line":31,"column":14}},"loc":{"start":{"line":31,"column":22},"end":{"line":31,"column":47}},"line":31},"4":{"name":"(anonymous_4)","decl":{"start":{"line":37,"column":43},"end":{"line":37,"column":44}},"loc":{"start":{"line":37,"column":63},"end":{"line":53,"column":1}},"line":37},"5":{"name":"(anonymous_5)","decl":{"start":{"line":38,"column":60},"end":{"line":38,"column":61}},"loc":{"start":{"line":38,"column":76},"end":{"line":52,"column":3}},"line":38},"6":{"name":"handleAvatarUpload","decl":{"start":{"line":61,"column":15},"end":{"line":61,"column":33}},"loc":{"start":{"line":61,"column":53},"end":{"line":97,"column":1}},"line":61},"7":{"name":"(anonymous_7)","decl":{"start":{"line":64,"column":10},"end":{"line":64,"column":11}},"loc":{"start":{"line":64,"column":27},"end":{"line":94,"column":5}},"line":64},"8":{"name":"(anonymous_8)","decl":{"start":{"line":69,"column":10},"end":{"line":69,"column":11}},"loc":{"start":{"line":69,"column":25},"end":{"line":73,"column":11}},"line":69},"9":{"name":"(anonymous_9)","decl":{"start":{"line":82,"column":16},"end":{"line":82,"column":17}},"loc":{"start":{"line":82,"column":26},"end":{"line":84,"column":11}},"line":82},"10":{"name":"(anonymous_10)","decl":{"start":{"line":85,"column":17},"end":{"line":85,"column":18}},"loc":{"start":{"line":85,"column":26},"end":{"line":85,"column":40}},"line":85},"11":{"name":"(anonymous_11)","decl":{"start":{"line":89,"column":16},"end":{"line":89,"column":17}},"loc":{"start":{"line":89,"column":26},"end":{"line":91,"column":11}},"line":89},"12":{"name":"(anonymous_12)","decl":{"start":{"line":92,"column":17},"end":{"line":92,"column":18}},"loc":{"start":{"line":92,"column":26},"end":{"line":92,"column":40}},"line":92},"13":{"name":"(anonymous_13)","decl":{"start":{"line":95,"column":11},"end":{"line":95,"column":12}},"loc":{"start":{"line":95,"column":20},"end":{"line":95,"column":34}},"line":95}},"branchMap":{"0":{"loc":{"start":{"line":39,"column":4},"end":{"line":44,"column":5}},"type":"if","locations":[{"start":{"line":39,"column":4},"end":{"line":44,"column":5}},{"start":{"line":39,"column":4},"end":{"line":44,"column":5}}],"line":39},"1":{"loc":{"start":{"line":39,"column":8},"end":{"line":39,"column":39}},"type":"binary-expr","locations":[{"start":{"line":39,"column":8},"end":{"line":39,"column":17}},{"start":{"line":39,"column":21},"end":{"line":39,"column":39}}],"line":39},"2":{"loc":{"start":{"line":45,"column":4},"end":{"line":51,"column":5}},"type":"if","locations":[{"start":{"line":45,"column":4},"end":{"line":51,"column":5}},{"start":{"line":45,"column":4},"end":{"line":51,"column":5}}],"line":45},"3":{"loc":{"start":{"line":65,"column":6},"end":{"line":93,"column":7}},"type":"if","locations":[{"start":{"line":65,"column":6},"end":{"line":93,"column":7}},{"start":{"line":65,"column":6},"end":{"line":93,"column":7}}],"line":65},"4":{"loc":{"start":{"line":70,"column":12},"end":{"line":72,"column":13}},"type":"if","locations":[{"start":{"line":70,"column":12},"end":{"line":72,"column":13}},{"start":{"line":70,"column":12},"end":{"line":72,"column":13}}],"line":70}},"s":{"0":1,"1":1,"2":1,"3":1,"4":1,"5":1,"6":1,"7":1,"8":0,"9":0,"10":0,"11":1,"12":0,"13":0,"14":0,"15":0,"16":0,"17":0,"18":0,"19":0,"20":0,"21":0,"22":0,"23":0,"24":0,"25":0,"26":0,"27":0,"28":0,"29":0,"30":0,"31":0,"32":0,"33":0,"34":1},"f":{"0":1,"1":0,"2":0,"3":0,"4":0,"5":0,"6":0,"7":0,"8":0,"9":0,"10":0,"11":0,"12":0,"13":0},"b":{"0":[0,0],"1":[0,0],"2":[0,0],"3":[0,0],"4":[0,0]},"_coverageSchema":"1a1c01bbd47fc00a2c39e90264f33305004495a9","hash":"c6042c52111c3adaca75956b2bed0a3d95b5145c"}
,"C:\\Users\\jonle\\Git\\allez\\server\\routes\\api\\RouteDetection.js": {"path":"C:\\Users\\jonle\\Git\\allez\\server\\routes\\api\\RouteDetection.js","statementMap":{"0":{"start":{"line":1,"column":62},"end":{"line":1,"column":79}},"1":{"start":{"line":2,"column":18},"end":{"line":2,"column":34}},"2":{"start":{"line":3,"column":49},"end":{"line":3,"column":62}},"3":{"start":{"line":7,"column":2},"end":{"line":12,"column":5}},"4":{"start":{"line":8,"column":4},"end":{"line":10,"column":6}},"5":{"start":{"line":11,"column":4},"end":{"line":11,"column":43}},"6":{"start":{"line":18,"column":14},"end":{"line":18,"column":25}},"7":{"start":{"line":19,"column":2},"end":{"line":19,"column":40}},"8":{"start":{"line":21,"column":2},"end":{"line":21,"column":23}},"9":{"start":{"line":22,"column":2},"end":{"line":22,"column":36}},"10":{"start":{"line":23,"column":2},"end":{"line":23,"column":31}},"11":{"start":{"line":24,"column":2},"end":{"line":24,"column":34}},"12":{"start":{"line":30,"column":2},"end":{"line":30,"column":15}},"13":{"start":{"line":31,"column":2},"end":{"line":31,"column":21}},"14":{"start":{"line":33,"column":16},"end":{"line":33,"column":47}},"15":{"start":{"line":34,"column":14},"end":{"line":34,"column":30}},"16":{"start":{"line":35,"column":14},"end":{"line":35,"column":26}},"17":{"start":{"line":36,"column":12},"end":{"line":36,"column":39}},"18":{"start":{"line":37,"column":17},"end":{"line":37,"column":37}},"19":{"start":{"line":38,"column":2},"end":{"line":38,"column":91}},"20":{"start":{"line":40,"column":17},"end":{"line":40,"column":39}},"21":{"start":{"line":42,"column":2},"end":{"line":42,"column":25}},"22":{"start":{"line":43,"column":2},"end":{"line":43,"column":62}},"23":{"start":{"line":44,"column":2},"end":{"line":44,"column":15}},"24":{"start":{"line":45,"column":2},"end":{"line":45,"column":15}},"25":{"start":{"line":47,"column":2},"end":{"line":47,"column":41}},"26":{"start":{"line":50,"column":0},"end":{"line":50,"column":30}}},"fnMap":{"0":{"name":"loadOpenCV","decl":{"start":{"line":6,"column":9},"end":{"line":6,"column":19}},"loc":{"start":{"line":6,"column":22},"end":{"line":13,"column":1}},"line":6},"1":{"name":"(anonymous_1)","decl":{"start":{"line":7,"column":21},"end":{"line":7,"column":22}},"loc":{"start":{"line":7,"column":32},"end":{"line":12,"column":3}},"line":7},"2":{"name":"installDOM","decl":{"start":{"line":17,"column":9},"end":{"line":17,"column":19}},"loc":{"start":{"line":17,"column":22},"end":{"line":25,"column":1}},"line":17},"3":{"name":"handleDetect","decl":{"start":{"line":29,"column":15},"end":{"line":29,"column":27}},"loc":{"start":{"line":29,"column":38},"end":{"line":49,"column":1}},"line":29}},"branchMap":{},"s":{"0":1,"1":1,"2":1,"3":0,"4":0,"5":0,"6":0,"7":0,"8":0,"9":0,"10":0,"11":0,"12":0,"13":0,"14":0,"15":0,"16":0,"17":0,"18":0,"19":0,"20":0,"21":0,"22":0,"23":0,"24":0,"25":0,"26":1},"f":{"0":0,"1":0,"2":0,"3":0},"b":{},"_coverageSchema":"1a1c01bbd47fc00a2c39e90264f33305004495a9","hash":"dd405fff618bab33be8ce2281e2f9c649abbc3ec"}
,"C:\\Users\\jonle\\Git\\allez\\server\\routes\\api\\Users.js": {"path":"C:\\Users\\jonle\\Git\\allez\\server\\routes\\api\\Users.js","statementMap":{"0":{"start":{"line":1,"column":16},"end":{"line":1,"column":34}},"1":{"start":{"line":2,"column":15},"end":{"line":2,"column":31}},"2":{"start":{"line":3,"column":15},"end":{"line":3,"column":34}},"3":{"start":{"line":4,"column":12},"end":{"line":4,"column":35}},"4":{"start":{"line":5,"column":15},"end":{"line":5,"column":42}},"5":{"start":{"line":9,"column":17},"end":{"line":9,"column":44}},"6":{"start":{"line":12,"column":19},"end":{"line":12,"column":40}},"7":{"start":{"line":15,"column":20},"end":{"line":25,"column":2}},"8":{"start":{"line":30,"column":13},"end":{"line":30,"column":41}},"9":{"start":{"line":31,"column":14},"end":{"line":31,"column":44}},"10":{"start":{"line":33,"column":21},"end":{"line":33,"column":46}},"11":{"start":{"line":45,"column":18},"end":{"line":50,"column":4}},"12":{"start":{"line":53,"column":2},"end":{"line":99,"column":5}},"13":{"start":{"line":54,"column":4},"end":{"line":98,"column":7}},"14":{"start":{"line":55,"column":6},"end":{"line":57,"column":7}},"15":{"start":{"line":56,"column":8},"end":{"line":56,"column":41}},"16":{"start":{"line":58,"column":6},"end":{"line":58,"column":30}},"17":{"start":{"line":60,"column":6},"end":{"line":97,"column":11}},"18":{"start":{"line":63,"column":24},"end":{"line":63,"column":73}},"19":{"start":{"line":80,"column":10},"end":{"line":80,"column":56}},"20":{"start":{"line":84,"column":10},"end":{"line":95,"column":11}},"21":{"start":{"line":85,"column":12},"end":{"line":93,"column":13}},"22":{"start":{"line":86,"column":14},"end":{"line":88,"column":61}},"23":{"start":{"line":89,"column":19},"end":{"line":93,"column":13}},"24":{"start":{"line":90,"column":14},"end":{"line":92,"column":64}},"25":{"start":{"line":94,"column":12},"end":{"line":94,"column":45}},"26":{"start":{"line":96,"column":10},"end":{"line":96,"column":43}},"27":{"start":{"line":118,"column":2},"end":{"line":157,"column":3}},"28":{"start":{"line":119,"column":42},"end":{"line":119,"column":50}},"29":{"start":{"line":120,"column":4},"end":{"line":154,"column":5}},"30":{"start":{"line":121,"column":6},"end":{"line":123,"column":64}},"31":{"start":{"line":127,"column":6},"end":{"line":131,"column":7}},"32":{"start":{"line":128,"column":8},"end":{"line":128,"column":58}},"33":{"start":{"line":130,"column":8},"end":{"line":130,"column":52}},"34":{"start":{"line":132,"column":6},"end":{"line":136,"column":7}},"35":{"start":{"line":133,"column":8},"end":{"line":133,"column":66}},"36":{"start":{"line":134,"column":13},"end":{"line":136,"column":7}},"37":{"start":{"line":135,"column":8},"end":{"line":135,"column":74}},"38":{"start":{"line":138,"column":28},"end":{"line":138,"column":73}},"39":{"start":{"line":139,"column":6},"end":{"line":141,"column":7}},"40":{"start":{"line":140,"column":8},"end":{"line":140,"column":72}},"41":{"start":{"line":143,"column":20},"end":{"line":143,"column":70}},"42":{"start":{"line":146,"column":6},"end":{"line":153,"column":9}},"43":{"start":{"line":156,"column":4},"end":{"line":156,"column":56}},"44":{"start":{"line":173,"column":16},"end":{"line":173,"column":35}},"45":{"start":{"line":174,"column":2},"end":{"line":199,"column":3}},"46":{"start":{"line":175,"column":4},"end":{"line":175,"column":57}},"47":{"start":{"line":178,"column":4},"end":{"line":198,"column":5}},"48":{"start":{"line":179,"column":23},"end":{"line":179,"column":64}},"49":{"start":{"line":180,"column":21},"end":{"line":180,"column":65}},"50":{"start":{"line":182,"column":6},"end":{"line":182,"column":54}},"51":{"start":{"line":183,"column":6},"end":{"line":191,"column":9}},"52":{"start":{"line":193,"column":6},"end":{"line":195,"column":7}},"53":{"start":{"line":194,"column":8},"end":{"line":194,"column":41}},"54":{"start":{"line":197,"column":6},"end":{"line":197,"column":39}},"55":{"start":{"line":211,"column":16},"end":{"line":211,"column":30}},"56":{"start":{"line":213,"column":2},"end":{"line":246,"column":3}},"57":{"start":{"line":214,"column":4},"end":{"line":214,"column":68}},"58":{"start":{"line":216,"column":4},"end":{"line":245,"column":5}},"59":{"start":{"line":218,"column":19},"end":{"line":218,"column":55}},"60":{"start":{"line":219,"column":6},"end":{"line":242,"column":7}},"61":{"start":{"line":220,"column":8},"end":{"line":220,"column":65}},"62":{"start":{"line":222,"column":23},"end":{"line":222,"column":66}},"63":{"start":{"line":224,"column":22},"end":{"line":226,"column":10}},"64":{"start":{"line":228,"column":8},"end":{"line":240,"column":10}},"65":{"start":{"line":237,"column":12},"end":{"line":237,"column":29}},"66":{"start":{"line":238,"column":12},"end":{"line":238,"column":30}},"67":{"start":{"line":241,"column":8},"end":{"line":241,"column":54}},"68":{"start":{"line":244,"column":6},"end":{"line":244,"column":39}},"69":{"start":{"line":260,"column":16},"end":{"line":260,"column":30}},"70":{"start":{"line":261,"column":2},"end":{"line":304,"column":3}},"71":{"start":{"line":262,"column":4},"end":{"line":262,"column":57}},"72":{"start":{"line":264,"column":4},"end":{"line":303,"column":5}},"73":{"start":{"line":265,"column":21},"end":{"line":265,"column":64}},"74":{"start":{"line":267,"column":6},"end":{"line":267,"column":41}},"75":{"start":{"line":269,"column":17},"end":{"line":269,"column":54}},"76":{"start":{"line":270,"column":19},"end":{"line":270,"column":55}},"77":{"start":{"line":271,"column":21},"end":{"line":271,"column":23}},"78":{"start":{"line":272,"column":6},"end":{"line":295,"column":7}},"79":{"start":{"line":273,"column":8},"end":{"line":273,"column":68}},"80":{"start":{"line":276,"column":8},"end":{"line":290,"column":10}},"81":{"start":{"line":277,"column":10},"end":{"line":289,"column":12}},"82":{"start":{"line":278,"column":12},"end":{"line":288,"column":13}},"83":{"start":{"line":279,"column":14},"end":{"line":279,"column":73}},"84":{"start":{"line":281,"column":14},"end":{"line":287,"column":16}},"85":{"start":{"line":292,"column":8},"end":{"line":294,"column":62}},"86":{"start":{"line":298,"column":6},"end":{"line":300,"column":7}},"87":{"start":{"line":299,"column":8},"end":{"line":299,"column":70}},"88":{"start":{"line":302,"column":6},"end":{"line":302,"column":23}},"89":{"start":{"line":316,"column":2},"end":{"line":340,"column":3}},"90":{"start":{"line":317,"column":4},"end":{"line":317,"column":63}},"91":{"start":{"line":319,"column":4},"end":{"line":339,"column":5}},"92":{"start":{"line":320,"column":6},"end":{"line":320,"column":64}},"93":{"start":{"line":322,"column":6},"end":{"line":338,"column":7}},"94":{"start":{"line":323,"column":19},"end":{"line":323,"column":75}},"95":{"start":{"line":324,"column":21},"end":{"line":324,"column":57}},"96":{"start":{"line":325,"column":8},"end":{"line":327,"column":9}},"97":{"start":{"line":326,"column":10},"end":{"line":326,"column":80}},"98":{"start":{"line":328,"column":8},"end":{"line":332,"column":10}},"99":{"start":{"line":333,"column":8},"end":{"line":335,"column":63}},"100":{"start":{"line":337,"column":8},"end":{"line":337,"column":54}},"101":{"start":{"line":352,"column":2},"end":{"line":367,"column":3}},"102":{"start":{"line":353,"column":4},"end":{"line":353,"column":55}},"103":{"start":{"line":354,"column":4},"end":{"line":354,"column":63}},"104":{"start":{"line":356,"column":4},"end":{"line":366,"column":5}},"105":{"start":{"line":357,"column":6},"end":{"line":359,"column":9}},"106":{"start":{"line":360,"column":11},"end":{"line":366,"column":5}},"107":{"start":{"line":361,"column":6},"end":{"line":363,"column":9}},"108":{"start":{"line":365,"column":6},"end":{"line":365,"column":52}},"109":{"start":{"line":370,"column":2},"end":{"line":418,"column":3}},"110":{"start":{"line":371,"column":17},"end":{"line":371,"column":53}},"111":{"start":{"line":372,"column":4},"end":{"line":376,"column":5}},"112":{"start":{"line":373,"column":6},"end":{"line":375,"column":9}},"113":{"start":{"line":377,"column":4},"end":{"line":392,"column":5}},"114":{"start":{"line":378,"column":22},"end":{"line":378,"column":41}},"115":{"start":{"line":379,"column":21},"end":{"line":379,"column":52}},"116":{"start":{"line":380,"column":21},"end":{"line":384,"column":8}},"117":{"start":{"line":386,"column":6},"end":{"line":388,"column":51}},"118":{"start":{"line":387,"column":25},"end":{"line":387,"column":40}},"119":{"start":{"line":388,"column":24},"end":{"line":388,"column":49}},"120":{"start":{"line":391,"column":6},"end":{"line":391,"column":33}},"121":{"start":{"line":395,"column":4},"end":{"line":395,"column":66}},"122":{"start":{"line":396,"column":4},"end":{"line":396,"column":62}},"123":{"start":{"line":397,"column":4},"end":{"line":397,"column":70}},"124":{"start":{"line":399,"column":4},"end":{"line":415,"column":9}},"125":{"start":{"line":402,"column":8},"end":{"line":411,"column":11}},"126":{"start":{"line":414,"column":8},"end":{"line":414,"column":41}},"127":{"start":{"line":417,"column":4},"end":{"line":417,"column":37}},"128":{"start":{"line":422,"column":2},"end":{"line":438,"column":3}},"129":{"start":{"line":423,"column":4},"end":{"line":423,"column":71}},"130":{"start":{"line":425,"column":21},"end":{"line":425,"column":43}},"131":{"start":{"line":426,"column":17},"end":{"line":426,"column":59}},"132":{"start":{"line":427,"column":4},"end":{"line":429,"column":5}},"133":{"start":{"line":428,"column":6},"end":{"line":428,"column":65}},"134":{"start":{"line":430,"column":4},"end":{"line":437,"column":7}},"135":{"start":{"line":441,"column":0},"end":{"line":441,"column":41}},"136":{"start":{"line":444,"column":0},"end":{"line":444,"column":35}},"137":{"start":{"line":447,"column":0},"end":{"line":447,"column":36}},"138":{"start":{"line":450,"column":0},"end":{"line":450,"column":42}},"139":{"start":{"line":453,"column":0},"end":{"line":453,"column":39}},"140":{"start":{"line":456,"column":0},"end":{"line":456,"column":38}},"141":{"start":{"line":459,"column":0},"end":{"line":461,"column":58}},"142":{"start":{"line":464,"column":0},"end":{"line":464,"column":56}},"143":{"start":{"line":466,"column":0},"end":{"line":466,"column":30}},"144":{"start":{"line":468,"column":0},"end":{"line":468,"column":24}}},"fnMap":{"0":{"name":"handleRegister","decl":{"start":{"line":44,"column":15},"end":{"line":44,"column":29}},"loc":{"start":{"line":44,"column":40},"end":{"line":102,"column":1}},"line":44},"1":{"name":"(anonymous_1)","decl":{"start":{"line":53,"column":24},"end":{"line":53,"column":25}},"loc":{"start":{"line":53,"column":34},"end":{"line":99,"column":3}},"line":53},"2":{"name":"(anonymous_2)","decl":{"start":{"line":54,"column":40},"end":{"line":54,"column":41}},"loc":{"start":{"line":54,"column":55},"end":{"line":98,"column":5}},"line":54},"3":{"name":"(anonymous_3)","decl":{"start":{"line":62,"column":14},"end":{"line":62,"column":15}},"loc":{"start":{"line":62,"column":30},"end":{"line":81,"column":9}},"line":62},"4":{"name":"(anonymous_4)","decl":{"start":{"line":82,"column":15},"end":{"line":82,"column":16}},"loc":{"start":{"line":82,"column":24},"end":{"line":97,"column":9}},"line":82},"5":{"name":"handleLogin","decl":{"start":{"line":117,"column":15},"end":{"line":117,"column":26}},"loc":{"start":{"line":117,"column":37},"end":{"line":158,"column":1}},"line":117},"6":{"name":"handleVerify","decl":{"start":{"line":172,"column":15},"end":{"line":172,"column":27}},"loc":{"start":{"line":172,"column":38},"end":{"line":200,"column":1}},"line":172},"7":{"name":"handleResetRequest","decl":{"start":{"line":210,"column":15},"end":{"line":210,"column":33}},"loc":{"start":{"line":210,"column":44},"end":{"line":247,"column":1}},"line":210},"8":{"name":"(anonymous_8)","decl":{"start":{"line":236,"column":10},"end":{"line":236,"column":11}},"loc":{"start":{"line":236,"column":25},"end":{"line":239,"column":11}},"line":236},"9":{"name":"handleReset","decl":{"start":{"line":259,"column":15},"end":{"line":259,"column":26}},"loc":{"start":{"line":259,"column":37},"end":{"line":305,"column":1}},"line":259},"10":{"name":"(anonymous_10)","decl":{"start":{"line":276,"column":30},"end":{"line":276,"column":31}},"loc":{"start":{"line":277,"column":10},"end":{"line":289,"column":12}},"line":277},"11":{"name":"(anonymous_11)","decl":{"start":{"line":277,"column":47},"end":{"line":277,"column":48}},"loc":{"start":{"line":277,"column":68},"end":{"line":289,"column":11}},"line":277},"12":{"name":"handleConfirm","decl":{"start":{"line":315,"column":15},"end":{"line":315,"column":28}},"loc":{"start":{"line":315,"column":39},"end":{"line":341,"column":1}},"line":315},"13":{"name":"handleUpdateProfile","decl":{"start":{"line":350,"column":15},"end":{"line":350,"column":34}},"loc":{"start":{"line":350,"column":51},"end":{"line":419,"column":1}},"line":350},"14":{"name":"(anonymous_14)","decl":{"start":{"line":387,"column":14},"end":{"line":387,"column":15}},"loc":{"start":{"line":387,"column":25},"end":{"line":387,"column":40}},"line":387},"15":{"name":"(anonymous_15)","decl":{"start":{"line":388,"column":15},"end":{"line":388,"column":16}},"loc":{"start":{"line":388,"column":24},"end":{"line":388,"column":49}},"line":388},"16":{"name":"(anonymous_16)","decl":{"start":{"line":401,"column":12},"end":{"line":401,"column":13}},"loc":{"start":{"line":401,"column":22},"end":{"line":412,"column":7}},"line":401},"17":{"name":"(anonymous_17)","decl":{"start":{"line":413,"column":13},"end":{"line":413,"column":14}},"loc":{"start":{"line":413,"column":22},"end":{"line":415,"column":7}},"line":413},"18":{"name":"handleGetPublicProfile","decl":{"start":{"line":421,"column":15},"end":{"line":421,"column":37}},"loc":{"start":{"line":421,"column":48},"end":{"line":439,"column":1}},"line":421}},"branchMap":{"0":{"loc":{"start":{"line":55,"column":6},"end":{"line":57,"column":7}},"type":"if","locations":[{"start":{"line":55,"column":6},"end":{"line":57,"column":7}},{"start":{"line":55,"column":6},"end":{"line":57,"column":7}}],"line":55},"1":{"loc":{"start":{"line":84,"column":10},"end":{"line":95,"column":11}},"type":"if","locations":[{"start":{"line":84,"column":10},"end":{"line":95,"column":11}},{"start":{"line":84,"column":10},"end":{"line":95,"column":11}}],"line":84},"2":{"loc":{"start":{"line":85,"column":12},"end":{"line":93,"column":13}},"type":"if","locations":[{"start":{"line":85,"column":12},"end":{"line":93,"column":13}},{"start":{"line":85,"column":12},"end":{"line":93,"column":13}}],"line":85},"3":{"loc":{"start":{"line":89,"column":19},"end":{"line":93,"column":13}},"type":"if","locations":[{"start":{"line":89,"column":19},"end":{"line":93,"column":13}},{"start":{"line":89,"column":19},"end":{"line":93,"column":13}}],"line":89},"4":{"loc":{"start":{"line":120,"column":4},"end":{"line":154,"column":5}},"type":"if","locations":[{"start":{"line":120,"column":4},"end":{"line":154,"column":5}},{"start":{"line":120,"column":4},"end":{"line":154,"column":5}}],"line":120},"5":{"loc":{"start":{"line":120,"column":8},"end":{"line":120,"column":42}},"type":"binary-expr","locations":[{"start":{"line":120,"column":9},"end":{"line":120,"column":15}},{"start":{"line":120,"column":19},"end":{"line":120,"column":28}},{"start":{"line":120,"column":33},"end":{"line":120,"column":42}}],"line":120},"6":{"loc":{"start":{"line":127,"column":6},"end":{"line":131,"column":7}},"type":"if","locations":[{"start":{"line":127,"column":6},"end":{"line":131,"column":7}},{"start":{"line":127,"column":6},"end":{"line":131,"column":7}}],"line":127},"7":{"loc":{"start":{"line":132,"column":6},"end":{"line":136,"column":7}},"type":"if","locations":[{"start":{"line":132,"column":6},"end":{"line":136,"column":7}},{"start":{"line":132,"column":6},"end":{"line":136,"column":7}}],"line":132},"8":{"loc":{"start":{"line":134,"column":13},"end":{"line":136,"column":7}},"type":"if","locations":[{"start":{"line":134,"column":13},"end":{"line":136,"column":7}},{"start":{"line":134,"column":13},"end":{"line":136,"column":7}}],"line":134},"9":{"loc":{"start":{"line":139,"column":6},"end":{"line":141,"column":7}},"type":"if","locations":[{"start":{"line":139,"column":6},"end":{"line":141,"column":7}},{"start":{"line":139,"column":6},"end":{"line":141,"column":7}}],"line":139},"10":{"loc":{"start":{"line":174,"column":2},"end":{"line":199,"column":3}},"type":"if","locations":[{"start":{"line":174,"column":2},"end":{"line":199,"column":3}},{"start":{"line":174,"column":2},"end":{"line":199,"column":3}}],"line":174},"11":{"loc":{"start":{"line":193,"column":6},"end":{"line":195,"column":7}},"type":"if","locations":[{"start":{"line":193,"column":6},"end":{"line":195,"column":7}},{"start":{"line":193,"column":6},"end":{"line":195,"column":7}}],"line":193},"12":{"loc":{"start":{"line":213,"column":2},"end":{"line":246,"column":3}},"type":"if","locations":[{"start":{"line":213,"column":2},"end":{"line":246,"column":3}},{"start":{"line":213,"column":2},"end":{"line":246,"column":3}}],"line":213},"13":{"loc":{"start":{"line":219,"column":6},"end":{"line":242,"column":7}},"type":"if","locations":[{"start":{"line":219,"column":6},"end":{"line":242,"column":7}},{"start":{"line":219,"column":6},"end":{"line":242,"column":7}}],"line":219},"14":{"loc":{"start":{"line":261,"column":2},"end":{"line":304,"column":3}},"type":"if","locations":[{"start":{"line":261,"column":2},"end":{"line":304,"column":3}},{"start":{"line":261,"column":2},"end":{"line":304,"column":3}}],"line":261},"15":{"loc":{"start":{"line":272,"column":6},"end":{"line":295,"column":7}},"type":"if","locations":[{"start":{"line":272,"column":6},"end":{"line":295,"column":7}},{"start":{"line":272,"column":6},"end":{"line":295,"column":7}}],"line":272},"16":{"loc":{"start":{"line":278,"column":12},"end":{"line":288,"column":13}},"type":"if","locations":[{"start":{"line":278,"column":12},"end":{"line":288,"column":13}},{"start":{"line":278,"column":12},"end":{"line":288,"column":13}}],"line":278},"17":{"loc":{"start":{"line":298,"column":6},"end":{"line":300,"column":7}},"type":"if","locations":[{"start":{"line":298,"column":6},"end":{"line":300,"column":7}},{"start":{"line":298,"column":6},"end":{"line":300,"column":7}}],"line":298},"18":{"loc":{"start":{"line":316,"column":2},"end":{"line":340,"column":3}},"type":"if","locations":[{"start":{"line":316,"column":2},"end":{"line":340,"column":3}},{"start":{"line":316,"column":2},"end":{"line":340,"column":3}}],"line":316},"19":{"loc":{"start":{"line":319,"column":4},"end":{"line":339,"column":5}},"type":"if","locations":[{"start":{"line":319,"column":4},"end":{"line":339,"column":5}},{"start":{"line":319,"column":4},"end":{"line":339,"column":5}}],"line":319},"20":{"loc":{"start":{"line":325,"column":8},"end":{"line":327,"column":9}},"type":"if","locations":[{"start":{"line":325,"column":8},"end":{"line":327,"column":9}},{"start":{"line":325,"column":8},"end":{"line":327,"column":9}}],"line":325},"21":{"loc":{"start":{"line":356,"column":4},"end":{"line":366,"column":5}},"type":"if","locations":[{"start":{"line":356,"column":4},"end":{"line":366,"column":5}},{"start":{"line":356,"column":4},"end":{"line":366,"column":5}}],"line":356},"22":{"loc":{"start":{"line":360,"column":11},"end":{"line":366,"column":5}},"type":"if","locations":[{"start":{"line":360,"column":11},"end":{"line":366,"column":5}},{"start":{"line":360,"column":11},"end":{"line":366,"column":5}}],"line":360},"23":{"loc":{"start":{"line":372,"column":4},"end":{"line":376,"column":5}},"type":"if","locations":[{"start":{"line":372,"column":4},"end":{"line":376,"column":5}},{"start":{"line":372,"column":4},"end":{"line":376,"column":5}}],"line":372},"24":{"loc":{"start":{"line":377,"column":4},"end":{"line":392,"column":5}},"type":"if","locations":[{"start":{"line":377,"column":4},"end":{"line":392,"column":5}},{"start":{"line":377,"column":4},"end":{"line":392,"column":5}}],"line":377},"25":{"loc":{"start":{"line":395,"column":16},"end":{"line":395,"column":65}},"type":"cond-expr","locations":[{"start":{"line":395,"column":40},"end":{"line":395,"column":49}},{"start":{"line":395,"column":52},"end":{"line":395,"column":65}}],"line":395},"26":{"loc":{"start":{"line":396,"column":15},"end":{"line":396,"column":61}},"type":"cond-expr","locations":[{"start":{"line":396,"column":38},"end":{"line":396,"column":46}},{"start":{"line":396,"column":49},"end":{"line":396,"column":61}}],"line":396},"27":{"loc":{"start":{"line":397,"column":17},"end":{"line":397,"column":69}},"type":"cond-expr","locations":[{"start":{"line":397,"column":42},"end":{"line":397,"column":52}},{"start":{"line":397,"column":55},"end":{"line":397,"column":69}}],"line":397},"28":{"loc":{"start":{"line":422,"column":2},"end":{"line":438,"column":3}},"type":"if","locations":[{"start":{"line":422,"column":2},"end":{"line":438,"column":3}},{"start":{"line":422,"column":2},"end":{"line":438,"column":3}}],"line":422},"29":{"loc":{"start":{"line":427,"column":4},"end":{"line":429,"column":5}},"type":"if","locations":[{"start":{"line":427,"column":4},"end":{"line":429,"column":5}},{"start":{"line":427,"column":4},"end":{"line":429,"column":5}}],"line":427}},"s":{"0":1,"1":1,"2":1,"3":1,"4":1,"5":1,"6":1,"7":1,"8":1,"9":1,"10":1,"11":4,"12":4,"13":4,"14":4,"15":0,"16":4,"17":4,"18":3,"19":3,"20":1,"21":0,"22":0,"23":0,"24":0,"25":0,"26":1,"27":1,"28":1,"29":1,"30":0,"31":1,"32":0,"33":1,"34":1,"35":0,"36":1,"37":0,"38":1,"39":1,"40":0,"41":1,"42":1,"43":0,"44":0,"45":0,"46":0,"47":0,"48":0,"49":0,"50":0,"51":0,"52":0,"53":0,"54":0,"55":0,"56":0,"57":0,"58":0,"59":0,"60":0,"61":0,"62":0,"63":0,"64":0,"65":0,"66":0,"67":0,"68":0,"69":0,"70":0,"71":0,"72":0,"73":0,"74":0,"75":0,"76":0,"77":0,"78":0,"79":0,"80":0,"81":0,"82":0,"83":0,"84":0,"85":0,"86":0,"87":0,"88":0,"89":1,"90":0,"91":1,"92":0,"93":1,"94":1,"95":1,"96":1,"97":0,"98":1,"99":1,"100":0,"101":0,"102":0,"103":0,"104":0,"105":0,"106":0,"107":0,"108":0,"109":0,"110":0,"111":0,"112":0,"113":0,"114":0,"115":0,"116":0,"117":0,"118":0,"119":0,"120":0,"121":0,"122":0,"123":0,"124":0,"125":0,"126":0,"127":0,"128":0,"129":0,"130":0,"131":0,"132":0,"133":0,"134":0,"135":1,"136":1,"137":1,"138":1,"139":1,"140":1,"141":1,"142":1,"143":1,"144":1},"f":{"0":4,"1":4,"2":4,"3":3,"4":1,"5":1,"6":0,"7":0,"8":0,"9":0,"10":0,"11":0,"12":1,"13":0,"14":0,"15":0,"16":0,"17":0,"18":0},"b":{"0":[0,4],"1":[0,1],"2":[0,0],"3":[0,0],"4":[0,1],"5":[1,1,1],"6":[0,1],"7":[0,1],"8":[0,1],"9":[0,1],"10":[0,0],"11":[0,0],"12":[0,0],"13":[0,0],"14":[0,0],"15":[0,0],"16":[0,0],"17":[0,0],"18":[0,1],"19":[0,1],"20":[0,1],"21":[0,0],"22":[0,0],"23":[0,0],"24":[0,0],"25":[0,0],"26":[0,0],"27":[0,0],"28":[0,0],"29":[0,0]},"_coverageSchema":"1a1c01bbd47fc00a2c39e90264f33305004495a9","hash":"46443fee78ac82cd9ee903aaf25bd694c6e85142"}
}
