TN:
SF:index.js
FNF:0
FNH:0
DA:2,3
DA:3,3
DA:6,3
DA:9,3
DA:12,3
DA:13,3
DA:15,3
DA:44,3
DA:46,3
DA:47,3
DA:57,3
DA:58,3
DA:61,3
DA:62,3
DA:65,3
DA:66,3
DA:69,3
DA:70,3
DA:75,3
DA:77,3
DA:86,3
LF:21
LH:21
BRF:0
BRH:0
end_of_record
TN:
SF:models\Images.js
FNF:0
FNH:0
DA:1,3
DA:2,3
DA:4,3
DA:23,3
DA:25,3
LF:5
LH:5
BRF:0
BRH:0
end_of_record
TN:
SF:models\Post.js
FNF:0
FNH:0
DA:1,3
DA:7,3
DA:51,3
DA:52,3
LF:4
LH:4
BRF:0
BRH:0
end_of_record
TN:
SF:models\User.js
FNF:0
FNH:0
DA:1,3
DA:7,3
DA:58,3
DA:59,3
LF:4
LH:4
BRF:0
BRH:0
end_of_record
TN:
SF:models\Video.js
FNF:0
FNH:0
DA:1,3
DA:2,3
DA:4,3
DA:23,3
DA:25,3
LF:5
LH:5
BRF:0
BRH:0
end_of_record
TN:
SF:routes\api\Image.js
FN:10,(anonymous_0)
FN:37,(anonymous_1)
FN:38,(anonymous_2)
FN:70,handleImageUpload
FN:71,(anonymous_4)
FN:73,(anonymous_5)
FN:78,(anonymous_6)
FN:91,(anonymous_7)
FN:94,(anonymous_8)
FN:105,(anonymous_9)
FN:108,(anonymous_10)
FN:113,(anonymous_11)
FNF:12
FNH:5
FNDA:3,(anonymous_0)
FNDA:1,(anonymous_1)
FNDA:0,(anonymous_2)
FNDA:1,handleImageUpload
FNDA:1,(anonymous_4)
FNDA:0,(anonymous_5)
FNDA:0,(anonymous_6)
FNDA:0,(anonymous_7)
FNDA:0,(anonymous_8)
FNDA:0,(anonymous_9)
FNDA:0,(anonymous_10)
FNDA:1,(anonymous_11)
DA:1,3
DA:2,3
DA:3,3
DA:4,3
DA:10,3
DA:11,3
DA:14,3
DA:37,3
DA:38,1
DA:39,0
DA:40,0
DA:42,0
DA:43,0
DA:48,0
DA:52,0
DA:54,0
DA:71,1
DA:72,1
DA:74,0
DA:76,0
DA:79,0
DA:80,0
DA:86,0
DA:88,0
DA:89,0
DA:92,0
DA:95,0
DA:98,0
DA:103,0
DA:106,0
DA:109,0
DA:114,1
DA:119,3
LF:33
LH:13
BRDA:39,0,0,0
BRDA:39,0,1,0
BRDA:42,1,0,0
BRDA:42,1,1,0
BRDA:42,2,0,0
BRDA:42,2,1,0
BRDA:48,3,0,0
BRDA:48,3,1,0
BRDA:49,4,0,0
BRDA:49,4,1,0
BRDA:74,5,0,0
BRDA:74,5,1,0
BRDA:79,6,0,0
BRDA:79,6,1,0
BRF:14
BRH:0
end_of_record
TN:
SF:routes\api\Post.js
FN:17,handleGetPost
FN:23,(anonymous_1)
FN:30,(anonymous_2)
FN:36,createPost
FN:37,(anonymous_4)
FN:39,(anonymous_5)
FN:46,(anonymous_6)
FN:47,(anonymous_7)
FN:103,handleDeletePost
FN:111,(anonymous_9)
FN:118,(anonymous_10)
FN:120,(anonymous_11)
FN:123,(anonymous_12)
FN:133,(anonymous_13)
FN:134,(anonymous_14)
FN:141,(anonymous_15)
FN:147,(anonymous_16)
FN:156,(anonymous_17)
FN:167,addComment
FN:175,(anonymous_19)
FN:179,(anonymous_20)
FN:192,(anonymous_21)
FN:193,(anonymous_22)
FN:195,(anonymous_23)
FN:202,(anonymous_24)
FN:212,deleteComment
FN:221,(anonymous_26)
FN:225,(anonymous_27)
FN:229,(anonymous_28)
FN:236,(anonymous_29)
FN:237,(anonymous_30)
FN:239,(anonymous_31)
FN:246,(anonymous_32)
FN:256,handleJWTError
FNF:34
FNH:16
FNDA:3,handleGetPost
FNDA:2,(anonymous_1)
FNDA:0,(anonymous_2)
FNDA:2,createPost
FNDA:2,(anonymous_4)
FNDA:2,(anonymous_5)
FNDA:1,(anonymous_6)
FNDA:1,(anonymous_7)
FNDA:3,handleDeletePost
FNDA:3,(anonymous_9)
FNDA:2,(anonymous_10)
FNDA:2,(anonymous_11)
FNDA:1,(anonymous_12)
FNDA:1,(anonymous_13)
FNDA:0,(anonymous_14)
FNDA:1,(anonymous_15)
FNDA:0,(anonymous_16)
FNDA:1,(anonymous_17)
FNDA:0,addComment
FNDA:0,(anonymous_19)
FNDA:0,(anonymous_20)
FNDA:0,(anonymous_21)
FNDA:0,(anonymous_22)
FNDA:0,(anonymous_23)
FNDA:0,(anonymous_24)
FNDA:0,deleteComment
FNDA:0,(anonymous_26)
FNDA:0,(anonymous_27)
FNDA:0,(anonymous_28)
FNDA:0,(anonymous_29)
FNDA:0,(anonymous_30)
FNDA:0,(anonymous_31)
FNDA:0,(anonymous_32)
FNDA:1,handleJWTError
DA:1,3
DA:2,3
DA:3,3
DA:4,3
DA:5,3
DA:6,3
DA:7,3
DA:8,3
DA:9,3
DA:18,3
DA:19,1
DA:21,2
DA:24,2
DA:25,1
DA:27,1
DA:31,0
DA:37,2
DA:38,2
DA:39,2
DA:40,2
DA:41,0
DA:43,2
DA:44,2
DA:46,1
DA:47,1
DA:51,0
DA:104,3
DA:105,0
DA:109,3
DA:112,3
DA:113,3
DA:114,3
DA:115,2
DA:116,2
DA:119,2
DA:121,2
DA:122,1
DA:123,1
DA:124,1
DA:125,1
DA:127,0
DA:129,1
DA:130,1
DA:131,1
DA:133,1
DA:135,0
DA:142,1
DA:148,0
DA:153,1
DA:157,1
DA:168,0
DA:169,0
DA:173,0
DA:176,0
DA:177,0
DA:178,0
DA:180,0
DA:181,0
DA:189,0
DA:190,0
DA:192,0
DA:193,0
DA:196,0
DA:199,0
DA:202,0
DA:213,0
DA:214,0
DA:219,0
DA:222,0
DA:223,0
DA:224,0
DA:226,0
DA:228,0
DA:230,0
DA:233,0
DA:234,0
DA:236,0
DA:237,0
DA:240,0
DA:243,0
DA:246,0
DA:257,1
DA:258,0
DA:259,1
DA:260,0
DA:262,1
DA:265,3
DA:266,3
DA:267,3
DA:268,3
DA:269,3
LF:91
LH:51
BRDA:18,0,0,1
BRDA:18,0,1,2
BRDA:24,1,0,1
BRDA:24,1,1,1
BRDA:40,2,0,0
BRDA:40,2,1,2
BRDA:104,3,0,0
BRDA:104,3,1,3
BRDA:104,4,0,3
BRDA:104,4,1,3
BRDA:124,5,0,1
BRDA:124,5,1,0
BRDA:168,6,0,0
BRDA:168,6,1,0
BRDA:168,7,0,0
BRDA:168,7,1,0
BRDA:213,8,0,0
BRDA:213,8,1,0
BRDA:213,9,0,0
BRDA:213,9,1,0
BRDA:213,9,2,0
BRDA:230,10,0,0
BRDA:230,10,1,0
BRDA:257,11,0,0
BRDA:257,11,1,1
BRDA:259,12,0,0
BRDA:259,12,1,1
BRF:27
BRH:11
end_of_record
TN:
SF:routes\api\Users.js
FN:48,handleRegister
FN:58,(anonymous_1)
FN:59,(anonymous_2)
FN:67,(anonymous_3)
FN:87,(anonymous_4)
FN:122,handleLogin
FN:177,handleVerify
FN:215,handleResetRequest
FN:264,handleReset
FN:281,(anonymous_9)
FN:282,(anonymous_10)
FN:293,(anonymous_11)
FN:298,(anonymous_12)
FN:325,handleConfirm
FN:366,handleUpdateProfile
FN:398,(anonymous_15)
FN:399,(anonymous_16)
FN:414,(anonymous_17)
FN:426,(anonymous_18)
FN:434,handleGetPublicProfile
FN:457,handleCreatePost
FN:464,(anonymous_21)
FN:480,(anonymous_22)
FN:481,(anonymous_23)
FN:496,(anonymous_24)
FN:497,(anonymous_25)
FN:508,(anonymous_26)
FN:527,(anonymous_27)
FN:528,(anonymous_28)
FN:532,(anonymous_29)
FN:538,(anonymous_30)
FNF:31
FNH:16
FNDA:13,handleRegister
FNDA:13,(anonymous_1)
FNDA:13,(anonymous_2)
FNDA:12,(anonymous_3)
FNDA:1,(anonymous_4)
FNDA:9,handleLogin
FNDA:3,handleVerify
FNDA:4,handleResetRequest
FNDA:3,handleReset
FNDA:1,(anonymous_9)
FNDA:1,(anonymous_10)
FNDA:1,(anonymous_11)
FNDA:0,(anonymous_12)
FNDA:8,handleConfirm
FNDA:2,handleUpdateProfile
FNDA:0,(anonymous_15)
FNDA:0,(anonymous_16)
FNDA:1,(anonymous_17)
FNDA:0,(anonymous_18)
FNDA:3,handleGetPublicProfile
FNDA:0,handleCreatePost
FNDA:0,(anonymous_21)
FNDA:0,(anonymous_22)
FNDA:0,(anonymous_23)
FNDA:0,(anonymous_24)
FNDA:0,(anonymous_25)
FNDA:0,(anonymous_26)
FNDA:0,(anonymous_27)
FNDA:0,(anonymous_28)
FNDA:0,(anonymous_29)
FNDA:0,(anonymous_30)
DA:1,3
DA:2,3
DA:3,3
DA:4,3
DA:5,3
DA:6,3
DA:9,3
DA:12,3
DA:15,3
DA:30,3
DA:31,3
DA:34,3
DA:35,3
DA:36,3
DA:37,3
DA:49,13
DA:58,13
DA:59,13
DA:60,13
DA:61,0
DA:63,13
DA:65,13
DA:68,12
DA:85,12
DA:89,1
DA:90,0
DA:91,0
DA:94,0
DA:95,0
DA:99,0
DA:101,1
DA:123,9
DA:124,9
DA:125,9
DA:126,1
DA:132,8
DA:133,1
DA:135,7
DA:137,8
DA:138,1
DA:139,7
DA:140,1
DA:143,6
DA:144,6
DA:145,1
DA:148,5
DA:151,5
DA:161,0
DA:178,3
DA:179,3
DA:180,1
DA:183,2
DA:184,2
DA:185,1
DA:187,1
DA:188,1
DA:198,1
DA:199,1
DA:202,0
DA:216,4
DA:218,4
DA:219,1
DA:221,3
DA:223,3
DA:224,3
DA:225,1
DA:227,2
DA:229,2
DA:246,2
DA:249,0
DA:265,3
DA:266,3
DA:267,1
DA:269,2
DA:270,2
DA:272,2
DA:274,1
DA:275,1
DA:276,1
DA:277,1
DA:278,0
DA:281,1
DA:282,1
DA:283,1
DA:284,0
DA:286,1
DA:294,1
DA:299,0
DA:308,1
DA:309,0
DA:312,1
DA:326,8
DA:327,0
DA:329,8
DA:330,1
DA:332,7
DA:333,7
DA:334,6
DA:335,6
DA:336,6
DA:337,1
DA:339,5
DA:344,5
DA:348,1
DA:349,1
DA:353,0
DA:368,2
DA:369,2
DA:370,1
DA:372,1
DA:373,1
DA:376,0
DA:377,0
DA:381,0
DA:386,1
DA:387,1
DA:388,1
DA:389,0
DA:393,1
DA:394,0
DA:395,0
DA:397,0
DA:398,0
DA:399,0
DA:402,0
DA:406,1
DA:407,1
DA:408,1
DA:409,1
DA:412,1
DA:415,1
DA:427,0
DA:430,0
DA:435,3
DA:436,1
DA:438,2
DA:439,2
DA:440,2
DA:441,1
DA:443,1
DA:458,0
DA:459,0
DA:461,0
DA:462,0
DA:463,0
DA:465,0
DA:473,0
DA:474,0
DA:475,0
DA:476,0
DA:477,0
DA:479,0
DA:480,0
DA:482,0
DA:486,0
DA:490,0
DA:491,0
DA:492,0
DA:494,0
DA:495,0
DA:496,0
DA:498,0
DA:504,0
DA:506,0
DA:507,0
DA:509,0
DA:511,0
DA:513,0
DA:514,0
DA:515,0
DA:516,0
DA:517,0
DA:518,0
DA:521,0
DA:522,0
DA:525,0
DA:527,0
DA:529,0
DA:533,0
DA:538,0
DA:540,0
DA:541,0
DA:542,0
DA:543,0
DA:545,0
DA:551,3
DA:554,3
DA:557,3
DA:560,3
DA:563,3
DA:566,3
DA:569,3
DA:574,3
DA:576,3
DA:578,3
DA:580,3
LF:196
LH:124
BRDA:60,0,0,0
BRDA:60,0,1,13
BRDA:89,1,0,0
BRDA:89,1,1,1
BRDA:90,2,0,0
BRDA:90,2,1,0
BRDA:94,3,0,0
BRDA:94,3,1,0
BRDA:125,4,0,1
BRDA:125,4,1,8
BRDA:125,5,0,9
BRDA:125,5,1,2
BRDA:125,5,2,8
BRDA:132,6,0,1
BRDA:132,6,1,7
BRDA:137,7,0,1
BRDA:137,7,1,7
BRDA:139,8,0,1
BRDA:139,8,1,6
BRDA:144,9,0,1
BRDA:144,9,1,5
BRDA:179,10,0,1
BRDA:179,10,1,2
BRDA:198,11,0,1
BRDA:198,11,1,0
BRDA:218,12,0,1
BRDA:218,12,1,3
BRDA:224,13,0,1
BRDA:224,13,1,2
BRDA:266,14,0,1
BRDA:266,14,1,2
BRDA:277,15,0,0
BRDA:277,15,1,1
BRDA:283,16,0,0
BRDA:283,16,1,1
BRDA:308,17,0,0
BRDA:308,17,1,1
BRDA:326,18,0,0
BRDA:326,18,1,8
BRDA:329,19,0,1
BRDA:329,19,1,7
BRDA:336,20,0,1
BRDA:336,20,1,5
BRDA:348,21,0,1
BRDA:348,21,1,0
BRDA:372,22,0,1
BRDA:372,22,1,0
BRDA:376,23,0,0
BRDA:376,23,1,0
BRDA:388,24,0,0
BRDA:388,24,1,1
BRDA:393,25,0,0
BRDA:393,25,1,1
BRDA:406,26,0,0
BRDA:406,26,1,1
BRDA:407,27,0,0
BRDA:407,27,1,1
BRDA:408,28,0,1
BRDA:408,28,1,0
BRDA:410,29,0,1
BRDA:410,29,1,0
BRDA:435,30,0,1
BRDA:435,30,1,2
BRDA:440,31,0,1
BRDA:440,31,1,1
BRDA:458,32,0,0
BRDA:458,32,1,0
BRDA:473,33,0,0
BRDA:473,33,1,0
BRDA:475,34,0,0
BRDA:475,34,1,0
BRDA:486,35,0,0
BRDA:486,35,1,0
BRDA:487,36,0,0
BRDA:487,36,1,0
BRDA:504,37,0,0
BRDA:504,37,1,0
BRDA:515,38,0,0
BRDA:515,38,1,0
BRDA:516,39,0,0
BRDA:516,39,1,0
BRDA:540,40,0,0
BRDA:540,40,1,0
BRDA:542,41,0,0
BRDA:542,41,1,0
BRF:85
BRH:44
end_of_record
TN:
SF:routes\api\Video.js
FN:8,(anonymous_0)
FN:14,handleVideoUpload
FN:20,(anonymous_2)
FN:22,(anonymous_3)
FN:27,(anonymous_4)
FN:40,(anonymous_5)
FN:43,(anonymous_6)
FN:49,(anonymous_7)
FN:52,(anonymous_8)
FN:57,(anonymous_9)
FN:63,(anonymous_10)
FN:67,(anonymous_11)
FN:102,(anonymous_12)
FN:115,(anonymous_13)
FN:120,(anonymous_14)
FNF:15
FNH:1
FNDA:3,(anonymous_0)
FNDA:0,handleVideoUpload
FNDA:0,(anonymous_2)
FNDA:0,(anonymous_3)
FNDA:0,(anonymous_4)
FNDA:0,(anonymous_5)
FNDA:0,(anonymous_6)
FNDA:0,(anonymous_7)
FNDA:0,(anonymous_8)
FNDA:0,(anonymous_9)
FNDA:0,(anonymous_10)
FNDA:0,(anonymous_11)
FNDA:0,(anonymous_12)
FNDA:0,(anonymous_13)
FNDA:0,(anonymous_14)
DA:1,3
DA:2,3
DA:3,3
DA:4,3
DA:5,3
DA:8,3
DA:9,3
DA:15,0
DA:20,0
DA:21,0
DA:23,0
DA:25,0
DA:28,0
DA:29,0
DA:35,0
DA:37,0
DA:38,0
DA:41,0
DA:44,0
DA:47,0
DA:50,0
DA:53,0
DA:58,0
DA:63,3
DA:64,0
DA:65,0
DA:67,0
DA:68,0
DA:69,0
DA:71,0
DA:72,0
DA:77,0
DA:78,0
DA:80,0
DA:81,0
DA:82,0
DA:88,0
DA:92,0
DA:93,0
DA:95,0
DA:102,3
DA:103,0
DA:104,0
DA:106,0
DA:113,0
DA:116,0
DA:120,0
DA:124,3
LF:48
LH:10
BRDA:23,0,0,0
BRDA:23,0,1,0
BRDA:28,1,0,0
BRDA:28,1,1,0
BRDA:64,2,0,0
BRDA:64,2,1,0
BRDA:68,3,0,0
BRDA:68,3,1,0
BRDA:71,4,0,0
BRDA:71,4,1,0
BRDA:71,5,0,0
BRDA:71,5,1,0
BRDA:88,6,0,0
BRDA:88,6,1,0
BRDA:89,7,0,0
BRDA:89,7,1,0
BRDA:103,8,0,0
BRDA:103,8,1,0
BRF:18
BRH:0
end_of_record
TN:
SF:routes\api\routedetect\RouteDetection.js
FN:6,loadOpenCV
FN:7,(anonymous_1)
FN:17,installDOM
FN:29,handleDetect
FNF:4
FNH:0
FNDA:0,loadOpenCV
FNDA:0,(anonymous_1)
FNDA:0,installDOM
FNDA:0,handleDetect
DA:1,3
DA:2,3
DA:3,3
DA:7,0
DA:8,0
DA:11,0
DA:18,0
DA:19,0
DA:21,0
DA:22,0
DA:23,0
DA:24,0
DA:30,0
DA:31,0
DA:33,0
DA:34,0
DA:35,0
DA:36,0
DA:37,0
DA:38,0
DA:40,0
DA:42,0
DA:43,0
DA:44,0
DA:45,0
DA:47,0
DA:50,3
LF:27
LH:4
BRF:0
BRH:0
end_of_record
