TN:
SF:gridfs.js
FN:15,(anonymous_0)
FN:16,(anonymous_1)
FN:17,(anonymous_2)
FNF:3
FNH:0
FNDA:0,(anonymous_0)
FNDA:0,(anonymous_1)
FNDA:0,(anonymous_2)
DA:2,2
DA:3,2
DA:4,2
DA:5,2
DA:6,2
DA:7,2
DA:8,2
DA:13,2
DA:16,0
DA:17,0
DA:18,0
DA:19,0
DA:21,0
DA:22,0
DA:26,0
DA:32,2
DA:33,2
LF:17
LH:10
BRDA:18,0,0,0
BRDA:18,0,1,0
BRF:2
BRH:0
end_of_record
TN:
SF:index.js
FNF:0
FNH:0
DA:2,2
DA:3,2
DA:6,2
DA:9,2
DA:12,2
DA:13,2
DA:15,2
DA:40,2
DA:42,2
DA:43,2
DA:53,2
DA:54,2
DA:57,2
DA:62,2
DA:64,2
DA:65,2
DA:66,2
DA:75,2
LF:18
LH:18
BRF:0
BRH:0
end_of_record
TN:
SF:models\Images.js
FNF:0
FNH:0
DA:1,2
DA:2,2
DA:4,2
DA:23,2
DA:25,2
LF:5
LH:5
BRF:0
BRH:0
end_of_record
TN:
SF:models\User.js
FNF:0
FNH:0
DA:1,2
DA:7,2
DA:54,2
DA:55,2
LF:4
LH:4
BRF:0
BRH:0
end_of_record
TN:
SF:routes\api\Image.js
FN:10,(anonymous_0)
FN:37,(anonymous_1)
FN:38,(anonymous_2)
FN:64,handleAvatarUpload
FN:67,(anonymous_4)
FN:72,(anonymous_5)
FN:85,(anonymous_6)
FN:88,(anonymous_7)
FN:94,(anonymous_8)
FN:97,(anonymous_9)
FN:102,(anonymous_10)
FNF:11
FNH:4
FNDA:2,(anonymous_0)
FNDA:1,(anonymous_1)
FNDA:0,(anonymous_2)
FNDA:1,handleAvatarUpload
FNDA:0,(anonymous_4)
FNDA:0,(anonymous_5)
FNDA:0,(anonymous_6)
FNDA:0,(anonymous_7)
FNDA:0,(anonymous_8)
FNDA:0,(anonymous_9)
FNDA:1,(anonymous_10)
DA:1,2
DA:2,2
DA:3,2
DA:4,2
DA:10,2
DA:11,2
DA:14,2
DA:37,2
DA:38,1
DA:39,0
DA:40,0
DA:42,0
DA:43,0
DA:48,0
DA:49,0
DA:51,0
DA:65,1
DA:66,1
DA:68,0
DA:70,0
DA:73,0
DA:74,0
DA:80,0
DA:82,0
DA:83,0
DA:86,0
DA:89,0
DA:92,0
DA:95,0
DA:98,0
DA:103,1
DA:105,0
DA:108,2
LF:33
LH:13
BRDA:39,0,0,0
BRDA:39,0,1,0
BRDA:42,1,0,0
BRDA:42,1,1,0
BRDA:42,2,0,0
BRDA:42,2,1,0
BRDA:48,3,0,0
BRDA:48,3,1,0
BRDA:68,4,0,0
BRDA:68,4,1,0
BRDA:73,5,0,0
BRDA:73,5,1,0
BRF:12
BRH:0
end_of_record
TN:
SF:routes\api\RouteDetection.js
FN:6,loadOpenCV
FN:7,(anonymous_1)
FN:17,installDOM
FN:29,handleDetect
FNF:4
FNH:0
FNDA:0,loadOpenCV
FNDA:0,(anonymous_1)
FNDA:0,installDOM
FNDA:0,handleDetect
DA:1,2
DA:2,2
DA:3,2
DA:7,0
DA:8,0
DA:11,0
DA:18,0
DA:19,0
DA:21,0
DA:22,0
DA:23,0
DA:24,0
DA:30,0
DA:31,0
DA:33,0
DA:34,0
DA:35,0
DA:36,0
DA:37,0
DA:38,0
DA:40,0
DA:42,0
DA:43,0
DA:44,0
DA:45,0
DA:47,0
DA:50,2
LF:27
LH:4
BRF:0
BRH:0
end_of_record
TN:
SF:routes\api\Users.js
FN:43,handleRegister
FN:52,(anonymous_1)
FN:53,(anonymous_2)
FN:61,(anonymous_3)
FN:81,(anonymous_4)
FN:116,handleLogin
FN:171,handleVerify
FN:209,handleResetRequest
FN:258,handleReset
FN:275,(anonymous_9)
FN:276,(anonymous_10)
FN:287,(anonymous_11)
FN:292,(anonymous_12)
FN:319,handleConfirm
FN:360,handleUpdateProfile
FN:397,(anonymous_15)
FN:398,(anonymous_16)
FN:411,(anonymous_17)
FN:423,(anonymous_18)
FN:431,handleGetPublicProfile
FNF:20
FNH:16
FNDA:13,handleRegister
FNDA:13,(anonymous_1)
FNDA:13,(anonymous_2)
FNDA:12,(anonymous_3)
FNDA:1,(anonymous_4)
FNDA:9,handleLogin
FNDA:3,handleVerify
FNDA:4,handleResetRequest
FNDA:3,handleReset
FNDA:1,(anonymous_9)
FNDA:1,(anonymous_10)
FNDA:1,(anonymous_11)
FNDA:0,(anonymous_12)
FNDA:8,handleConfirm
FNDA:2,handleUpdateProfile
FNDA:0,(anonymous_15)
FNDA:0,(anonymous_16)
FNDA:1,(anonymous_17)
FNDA:0,(anonymous_18)
FNDA:3,handleGetPublicProfile
DA:1,2
DA:2,2
DA:3,2
DA:4,2
DA:5,2
DA:8,2
DA:11,2
DA:14,2
DA:29,2
DA:30,2
DA:32,2
DA:44,13
DA:52,13
DA:53,13
DA:54,13
DA:55,0
DA:57,13
DA:59,13
DA:62,12
DA:79,12
DA:83,1
DA:84,0
DA:85,0
DA:88,0
DA:89,0
DA:93,0
DA:95,1
DA:117,9
DA:118,9
DA:119,9
DA:120,1
DA:126,8
DA:127,1
DA:129,7
DA:131,8
DA:132,1
DA:133,7
DA:134,1
DA:137,6
DA:138,6
DA:139,1
DA:142,5
DA:145,5
DA:155,0
DA:172,3
DA:173,3
DA:174,1
DA:177,2
DA:178,2
DA:179,1
DA:181,1
DA:182,1
DA:192,1
DA:193,1
DA:196,0
DA:210,4
DA:212,4
DA:213,1
DA:215,3
DA:217,3
DA:218,3
DA:219,1
DA:221,2
DA:223,2
DA:240,2
DA:243,0
DA:259,3
DA:260,3
DA:261,1
DA:263,2
DA:264,2
DA:266,2
DA:268,1
DA:269,1
DA:270,1
DA:271,1
DA:272,0
DA:275,1
DA:276,1
DA:277,1
DA:278,0
DA:280,1
DA:288,1
DA:293,0
DA:302,1
DA:303,0
DA:306,1
DA:320,8
DA:321,0
DA:323,8
DA:324,1
DA:326,7
DA:327,7
DA:328,6
DA:329,6
DA:330,6
DA:331,1
DA:333,5
DA:338,5
DA:342,1
DA:343,1
DA:347,0
DA:362,2
DA:363,2
DA:364,1
DA:366,1
DA:367,1
DA:370,0
DA:371,0
DA:375,0
DA:380,1
DA:381,1
DA:382,1
DA:383,0
DA:387,1
DA:388,0
DA:389,0
DA:390,0
DA:396,0
DA:397,0
DA:398,0
DA:401,0
DA:405,1
DA:406,1
DA:407,1
DA:409,1
DA:412,1
DA:424,0
DA:427,0
DA:432,3
DA:433,1
DA:435,2
DA:436,2
DA:437,2
DA:438,1
DA:440,1
DA:451,2
DA:454,2
DA:457,2
DA:460,2
DA:463,2
DA:466,2
DA:469,2
DA:474,2
DA:476,2
DA:478,2
LF:146
LH:118
BRDA:54,0,0,0
BRDA:54,0,1,13
BRDA:83,1,0,0
BRDA:83,1,1,1
BRDA:84,2,0,0
BRDA:84,2,1,0
BRDA:88,3,0,0
BRDA:88,3,1,0
BRDA:119,4,0,1
BRDA:119,4,1,8
BRDA:119,5,0,9
BRDA:119,5,1,2
BRDA:119,5,2,8
BRDA:126,6,0,1
BRDA:126,6,1,7
BRDA:131,7,0,1
BRDA:131,7,1,7
BRDA:133,8,0,1
BRDA:133,8,1,6
BRDA:138,9,0,1
BRDA:138,9,1,5
BRDA:173,10,0,1
BRDA:173,10,1,2
BRDA:192,11,0,1
BRDA:192,11,1,0
BRDA:212,12,0,1
BRDA:212,12,1,3
BRDA:218,13,0,1
BRDA:218,13,1,2
BRDA:260,14,0,1
BRDA:260,14,1,2
BRDA:271,15,0,0
BRDA:271,15,1,1
BRDA:277,16,0,0
BRDA:277,16,1,1
BRDA:302,17,0,0
BRDA:302,17,1,1
BRDA:320,18,0,0
BRDA:320,18,1,8
BRDA:323,19,0,1
BRDA:323,19,1,7
BRDA:330,20,0,1
BRDA:330,20,1,5
BRDA:342,21,0,1
BRDA:342,21,1,0
BRDA:366,22,0,1
BRDA:366,22,1,0
BRDA:370,23,0,0
BRDA:370,23,1,0
BRDA:382,24,0,0
BRDA:382,24,1,1
BRDA:387,25,0,0
BRDA:387,25,1,1
BRDA:405,26,0,0
BRDA:405,26,1,1
BRDA:406,27,0,0
BRDA:406,27,1,1
BRDA:407,28,0,1
BRDA:407,28,1,0
BRDA:432,29,0,1
BRDA:432,29,1,2
BRDA:437,30,0,1
BRDA:437,30,1,1
BRF:63
BRH:43
end_of_record
